;  LST file generated by mikroListExporter - v.2.0 
; Date/Time: 10.04.2023 12:14:46
;----------------------------------------------

;Address Opcode 	ASM
____SysVT:
0x0000	0xFFFC2001  	537001980
0x0004	0x0A410000  	2625
0x0008	0x0E950000  	3733
0x000C	0x0E950000  	3733
0x0010	0x0E950000  	3733
0x0014	0x0E950000  	3733
0x0018	0x0E950000  	3733
0x001C	0x0E950000  	3733
0x0020	0x0E950000  	3733
0x0024	0x0E950000  	3733
0x0028	0x0E950000  	3733
0x002C	0x0E950000  	3733
0x0030	0x0E950000  	3733
0x0034	0x0E950000  	3733
0x0038	0x0E950000  	3733
0x003C	0x0E950000  	3733
0x0040	0x0E950000  	3733
0x0044	0x0E950000  	3733
0x0048	0x0E950000  	3733
0x004C	0x0E950000  	3733
0x0050	0x0E950000  	3733
0x0054	0x0E950000  	3733
0x0058	0x09D50000  	2517
0x005C	0x0E950000  	3733
0x0060	0x0E950000  	3733
0x0064	0x0E950000  	3733
0x0068	0x0E950000  	3733
0x006C	0x0E950000  	3733
0x0070	0x0E950000  	3733
0x0074	0x0E950000  	3733
0x0078	0x0E950000  	3733
0x007C	0x0E950000  	3733
0x0080	0x0E950000  	3733
0x0084	0x0E950000  	3733
0x0088	0x0E950000  	3733
0x008C	0x0E950000  	3733
0x0090	0x0E950000  	3733
0x0094	0x0E950000  	3733
0x0098	0x0E950000  	3733
0x009C	0x0E950000  	3733
0x00A0	0x0E950000  	3733
0x00A4	0x0E950000  	3733
0x00A8	0x0E950000  	3733
0x00AC	0x0E950000  	3733
0x00B0	0x0E950000  	3733
0x00B4	0x0E950000  	3733
0x00B8	0x0E950000  	3733
0x00BC	0x0E950000  	3733
0x00C0	0x0E950000  	3733
0x00C4	0x0E950000  	3733
0x00C8	0x0E950000  	3733
0x00CC	0x0E950000  	3733
0x00D0	0x0E950000  	3733
0x00D4	0x0E950000  	3733
0x00D8	0x0E950000  	3733
0x00DC	0x0E950000  	3733
0x00E0	0x0E950000  	3733
0x00E4	0x0E950000  	3733
0x00E8	0x0E950000  	3733
0x00EC	0x0E950000  	3733
0x00F0	0x0E950000  	3733
0x00F4	0x0E950000  	3733
0x00F8	0x0E950000  	3733
0x00FC	0x0E950000  	3733
0x0100	0x0E950000  	3733
0x0104	0x0E950000  	3733
0x0108	0x0E950000  	3733
0x010C	0x0E950000  	3733
0x0110	0x0E950000  	3733
0x0114	0x0E950000  	3733
0x0118	0x0E950000  	3733
0x011C	0x0E950000  	3733
0x0120	0x0E950000  	3733
0x0124	0x0E950000  	3733
0x0128	0x0E950000  	3733
0x012C	0x0E950000  	3733
0x0130	0x0E950000  	3733
0x0134	0x0E950000  	3733
0x0138	0x0E950000  	3733
0x013C	0x0E950000  	3733
0x0140	0x0E950000  	3733
0x0144	0x0E950000  	3733
0x0148	0x0E950000  	3733
0x014C	0x0E950000  	3733
0x0150	0x0E950000  	3733
0x0154	0x0E950000  	3733
0x0158	0x0E950000  	3733
0x015C	0x0E950000  	3733
0x0160	0x0E950000  	3733
0x0164	0x0E950000  	3733
0x0168	0x0E950000  	3733
0x016C	0x0E950000  	3733
0x0170	0x0E950000  	3733
0x0174	0x0E950000  	3733
0x0178	0x0E950000  	3733
0x017C	0x0E950000  	3733
0x0180	0x0E950000  	3733
0x0184	0x0E950000  	3733
; end of ____SysVT
_main:
;Quiz2_Cevap1.c, 27 :: 		void main () {
0x0A40	0xF000F862  BL	2824
0x0A44	0xF000FA10  BL	3688
0x0A48	0xF000FA70  BL	3884
0x0A4C	0xF000F84A  BL	2788
0x0A50	0xF000FA2C  BL	3756
;Quiz2_Cevap1.c, 29 :: 		GPIO_Digital_Input(&GPIOA_IDR,  _GPIO_PINMASK_0);
0x0A54	0xF2400101  MOVW	R1, #1
0x0A58	0x4818    LDR	R0, [PC, #96]
0x0A5A	0xF7FFFE69  BL	_GPIO_Digital_Input+0
;Quiz2_Cevap1.c, 30 :: 		GPIO_Digital_Output(&GPIOE_ODR, _GPIO_PINMASK_3);    //ChipSelect
0x0A5E	0xF2400108  MOVW	R1, #8
0x0A62	0x4817    LDR	R0, [PC, #92]
0x0A64	0xF7FFFE56  BL	_GPIO_Digital_Output+0
;Quiz2_Cevap1.c, 32 :: 		RCC_AHB2ENR |= 0x40;
0x0A68	0x4816    LDR	R0, [PC, #88]
0x0A6A	0x6800    LDR	R0, [R0, #0]
0x0A6C	0xF0400140  ORR	R1, R0, #64
0x0A70	0x4814    LDR	R0, [PC, #80]
0x0A72	0x6001    STR	R1, [R0, #0]
;Quiz2_Cevap1.c, 33 :: 		RNG_CR=0x04;
0x0A74	0x2104    MOVS	R1, #4
0x0A76	0x4814    LDR	R0, [PC, #80]
0x0A78	0x6001    STR	R1, [R0, #0]
;Quiz2_Cevap1.c, 35 :: 		SYSCFG_EXTICR1=0;
0x0A7A	0x2100    MOVS	R1, #0
0x0A7C	0x4813    LDR	R0, [PC, #76]
0x0A7E	0x6001    STR	R1, [R0, #0]
;Quiz2_Cevap1.c, 36 :: 		EXTI_PR=1;
0x0A80	0x2101    MOVS	R1, #1
0x0A82	0x4813    LDR	R0, [PC, #76]
0x0A84	0x6001    STR	R1, [R0, #0]
;Quiz2_Cevap1.c, 37 :: 		EXTI_FTSR=0;
0x0A86	0x2100    MOVS	R1, #0
0x0A88	0x4812    LDR	R0, [PC, #72]
0x0A8A	0x6001    STR	R1, [R0, #0]
;Quiz2_Cevap1.c, 38 :: 		EXTI_RTSR=1;
0x0A8C	0x2101    MOVS	R1, #1
0x0A8E	0x4812    LDR	R0, [PC, #72]
0x0A90	0x6001    STR	R1, [R0, #0]
;Quiz2_Cevap1.c, 39 :: 		EXTI_EMR=0;
0x0A92	0x2100    MOVS	R1, #0
0x0A94	0x4811    LDR	R0, [PC, #68]
0x0A96	0x6001    STR	R1, [R0, #0]
;Quiz2_Cevap1.c, 40 :: 		EXTI_IMR=1;
0x0A98	0x2101    MOVS	R1, #1
0x0A9A	0x4811    LDR	R0, [PC, #68]
0x0A9C	0x6001    STR	R1, [R0, #0]
;Quiz2_Cevap1.c, 41 :: 		NVIC_IntEnable(IVT_INT_EXTI0);
0x0A9E	0xF2400016  MOVW	R0, #22
0x0AA2	0xF7FFFD19  BL	_NVIC_IntEnable+0
;Quiz2_Cevap1.c, 43 :: 		Lcd_Init();
0x0AA6	0xF7FFFE4F  BL	_Lcd_Init+0
;Quiz2_Cevap1.c, 44 :: 		Lcd_Cmd(_LCD_CURSOR_OFF);
0x0AAA	0x200C    MOVS	R0, #12
0x0AAC	0xF7FFFD50  BL	_Lcd_Cmd+0
;Quiz2_Cevap1.c, 45 :: 		Lcd_Cmd(_LCD_CLEAR);
0x0AB0	0x2001    MOVS	R0, #1
0x0AB2	0xF7FFFD4D  BL	_Lcd_Cmd+0
;Quiz2_Cevap1.c, 47 :: 		while(1);
L_main0:
0x0AB6	0xE7FE    B	L_main0
;Quiz2_Cevap1.c, 48 :: 		}
L_end_main:
L__main_end_loop:
0x0AB8	0xE7FE    B	L__main_end_loop
0x0ABA	0xBF00    NOP
0x0ABC	0x00104002  	GPIOA_IDR+0
0x0AC0	0x10144002  	GPIOE_ODR+0
0x0AC4	0x38344002  	RCC_AHB2ENR+0
0x0AC8	0x08005006  	RNG_CR+0
0x0ACC	0x38084001  	SYSCFG_EXTICR1+0
0x0AD0	0x3C144001  	EXTI_PR+0
0x0AD4	0x3C0C4001  	EXTI_FTSR+0
0x0AD8	0x3C084001  	EXTI_RTSR+0
0x0ADC	0x3C044001  	EXTI_EMR+0
0x0AE0	0x3C004001  	EXTI_IMR+0
; end of _main
_NVIC_IntEnable:
;__Lib_System_4XX.c, 172 :: 		
; ivt start address is: 0 (R0)
0x04D8	0xB081    SUB	SP, SP, #4
; ivt end address is: 0 (R0)
; ivt start address is: 0 (R0)
;__Lib_System_4XX.c, 184 :: 		
0x04DA	0x2804    CMP	R0, #4
0x04DC	0xD106    BNE	L_NVIC_IntEnable6
; ivt end address is: 0 (R0)
;__Lib_System_4XX.c, 189 :: 		
0x04DE	0x4919    LDR	R1, [PC, #100]
0x04E0	0x6809    LDR	R1, [R1, #0]
0x04E2	0xF4413280  ORR	R2, R1, #65536
0x04E6	0x4917    LDR	R1, [PC, #92]
0x04E8	0x600A    STR	R2, [R1, #0]
;__Lib_System_4XX.c, 190 :: 		
0x04EA	0xE028    B	L_NVIC_IntEnable7
L_NVIC_IntEnable6:
;__Lib_System_4XX.c, 191 :: 		
; ivt start address is: 0 (R0)
0x04EC	0x2805    CMP	R0, #5
0x04EE	0xD106    BNE	L_NVIC_IntEnable8
; ivt end address is: 0 (R0)
;__Lib_System_4XX.c, 196 :: 		
0x04F0	0x4914    LDR	R1, [PC, #80]
0x04F2	0x6809    LDR	R1, [R1, #0]
0x04F4	0xF4413200  ORR	R2, R1, #131072
0x04F8	0x4912    LDR	R1, [PC, #72]
0x04FA	0x600A    STR	R2, [R1, #0]
;__Lib_System_4XX.c, 197 :: 		
0x04FC	0xE01F    B	L_NVIC_IntEnable9
L_NVIC_IntEnable8:
;__Lib_System_4XX.c, 198 :: 		
; ivt start address is: 0 (R0)
0x04FE	0x2806    CMP	R0, #6
0x0500	0xD106    BNE	L_NVIC_IntEnable10
; ivt end address is: 0 (R0)
;__Lib_System_4XX.c, 203 :: 		
0x0502	0x4910    LDR	R1, [PC, #64]
0x0504	0x6809    LDR	R1, [R1, #0]
0x0506	0xF4412280  ORR	R2, R1, #262144
0x050A	0x490E    LDR	R1, [PC, #56]
0x050C	0x600A    STR	R2, [R1, #0]
;__Lib_System_4XX.c, 204 :: 		
0x050E	0xE016    B	L_NVIC_IntEnable11
L_NVIC_IntEnable10:
;__Lib_System_4XX.c, 205 :: 		
; ivt start address is: 0 (R0)
0x0510	0x280F    CMP	R0, #15
0x0512	0xD106    BNE	L_NVIC_IntEnable12
; ivt end address is: 0 (R0)
;__Lib_System_4XX.c, 210 :: 		
0x0514	0x490C    LDR	R1, [PC, #48]
0x0516	0x6809    LDR	R1, [R1, #0]
0x0518	0xF0410202  ORR	R2, R1, #2
0x051C	0x490A    LDR	R1, [PC, #40]
0x051E	0x600A    STR	R2, [R1, #0]
;__Lib_System_4XX.c, 211 :: 		
0x0520	0xE00D    B	L_NVIC_IntEnable13
L_NVIC_IntEnable12:
;__Lib_System_4XX.c, 212 :: 		
; ivt start address is: 0 (R0)
0x0522	0x2810    CMP	R0, #16
0x0524	0xD30B    BCC	L_NVIC_IntEnable14
;__Lib_System_4XX.c, 217 :: 		
0x0526	0xF2A00410  SUBW	R4, R0, #16
; ivt end address is: 0 (R0)
0x052A	0x0961    LSRS	R1, R4, #5
0x052C	0x008A    LSLS	R2, R1, #2
0x052E	0x4907    LDR	R1, [PC, #28]
0x0530	0x188B    ADDS	R3, R1, R2
;__Lib_System_4XX.c, 218 :: 		
0x0532	0xF004021F  AND	R2, R4, #31
0x0536	0xF04F0101  MOV	R1, #1
0x053A	0x4091    LSLS	R1, R2
0x053C	0x6019    STR	R1, [R3, #0]
;__Lib_System_4XX.c, 219 :: 		
L_NVIC_IntEnable14:
L_NVIC_IntEnable13:
L_NVIC_IntEnable11:
L_NVIC_IntEnable9:
L_NVIC_IntEnable7:
;__Lib_System_4XX.c, 220 :: 		
L_end_NVIC_IntEnable:
0x053E	0xB001    ADD	SP, SP, #4
0x0540	0x4770    BX	LR
0x0542	0xBF00    NOP
0x0544	0xED24E000  	SCB_SHCRS+0
0x0548	0xE010E000  	STK_CTRL+0
0x054C	0xE100E000  	NVIC_ISER0+0
; end of _NVIC_IntEnable
___CC2DW:
;__Lib_System_4XX.c, 44 :: 		
0x0984	0xB081    SUB	SP, SP, #4
;__Lib_System_4XX.c, 46 :: 		
L_loopDW:
;__Lib_System_4XX.c, 47 :: 		
0x0986	0xF81C9B01  LDRB	R9, [R12], #1
;__Lib_System_4XX.c, 48 :: 		
0x098A	0xF80B9B01  STRB	R9, [R11], #1
;__Lib_System_4XX.c, 49 :: 		
0x098E	0xEBBB0F0A  CMP	R11, R10, LSL #0
;__Lib_System_4XX.c, 50 :: 		
0x0992	0xD1F8    BNE	L_loopDW
;__Lib_System_4XX.c, 52 :: 		
L_end___CC2DW:
0x0994	0xB001    ADD	SP, SP, #4
0x0996	0x4770    BX	LR
; end of ___CC2DW
___FillZeros:
;__Lib_System_4XX.c, 86 :: 		
0x0998	0xB081    SUB	SP, SP, #4
;__Lib_System_4XX.c, 88 :: 		
0x099A	0xF04F0900  MOV	R9, #0
;__Lib_System_4XX.c, 89 :: 		
0x099E	0xF04F0C00  MOV	R12, #0
;__Lib_System_4XX.c, 90 :: 		
0x09A2	0xEBBD0F0A  CMP	SP, R10, LSL #0
;__Lib_System_4XX.c, 91 :: 		
0x09A6	0xDC04    BGT	L_loopFZs
;__Lib_System_4XX.c, 92 :: 		
0x09A8	0xEBBD0F0B  CMP	SP, R11, LSL #0
;__Lib_System_4XX.c, 93 :: 		
0x09AC	0xDB01    BLT	L_loopFZs
;__Lib_System_4XX.c, 94 :: 		
0x09AE	0x46D4    MOV	R12, R10
;__Lib_System_4XX.c, 95 :: 		
0x09B0	0x46EA    MOV	R10, SP
;__Lib_System_4XX.c, 96 :: 		
L_loopFZs:
;__Lib_System_4XX.c, 97 :: 		
0x09B2	0xF84B9B04  STR	R9, [R11], #4
;__Lib_System_4XX.c, 98 :: 		
0x09B6	0xEBBB0F0A  CMP	R11, R10, LSL #0
;__Lib_System_4XX.c, 99 :: 		
0x09BA	0xD1FA    BNE	L_loopFZs
;__Lib_System_4XX.c, 100 :: 		
0x09BC	0xEBBC0F0A  CMP	R12, R10, LSL #0
;__Lib_System_4XX.c, 101 :: 		
0x09C0	0xDD05    BLE	L_norep
;__Lib_System_4XX.c, 102 :: 		
0x09C2	0x46E2    MOV	R10, R12
;__Lib_System_4XX.c, 103 :: 		
0x09C4	0xF8D9B000  LDR	R11, [R9, #0]
;__Lib_System_4XX.c, 104 :: 		
0x09C8	0xF10B0B04  ADD	R11, R11, #4
;__Lib_System_4XX.c, 105 :: 		
0x09CC	0xE7F1    B	L_loopFZs
;__Lib_System_4XX.c, 106 :: 		
L_norep:
;__Lib_System_4XX.c, 108 :: 		
L_end___FillZeros:
0x09CE	0xB001    ADD	SP, SP, #4
0x09D0	0x4770    BX	LR
; end of ___FillZeros
_GPIO_Digital_Input:
;__Lib_GPIO_32F4xx.c, 237 :: 		
; pin_mask start address is: 4 (R1)
; port start address is: 0 (R0)
0x0730	0xB081    SUB	SP, SP, #4
0x0732	0xF8CDE000  STR	LR, [SP, #0]
; pin_mask end address is: 4 (R1)
; port end address is: 0 (R0)
; port start address is: 0 (R0)
; pin_mask start address is: 4 (R1)
;__Lib_GPIO_32F4xx.c, 238 :: 		
0x0736	0xF04F0242  MOV	R2, #66
0x073A	0xB289    UXTH	R1, R1
; pin_mask end address is: 4 (R1)
; port end address is: 0 (R0)
0x073C	0xF7FFFDB0  BL	_GPIO_Config+0
;__Lib_GPIO_32F4xx.c, 239 :: 		
L_end_GPIO_Digital_Input:
0x0740	0xF8DDE000  LDR	LR, [SP, #0]
0x0744	0xB001    ADD	SP, SP, #4
0x0746	0x4770    BX	LR
; end of _GPIO_Digital_Input
_GPIO_Config:
;__Lib_GPIO_32F4xx.c, 74 :: 		
; config start address is: 8 (R2)
; pin_mask start address is: 4 (R1)
; port start address is: 0 (R0)
0x02A0	0xB084    SUB	SP, SP, #16
0x02A2	0xF8CDE000  STR	LR, [SP, #0]
0x02A6	0xB28D    UXTH	R5, R1
0x02A8	0x4616    MOV	R6, R2
; config end address is: 8 (R2)
; pin_mask end address is: 4 (R1)
; port end address is: 0 (R0)
; port start address is: 0 (R0)
; pin_mask start address is: 20 (R5)
; config start address is: 24 (R6)
;__Lib_GPIO_32F4xx.c, 75 :: 		
;__Lib_GPIO_32F4xx.c, 76 :: 		
;__Lib_GPIO_32F4xx.c, 80 :: 		
0x02AA	0x4B86    LDR	R3, [PC, #536]
0x02AC	0xEA000303  AND	R3, R0, R3, LSL #0
; port end address is: 0 (R0)
; port start address is: 28 (R7)
0x02B0	0x461F    MOV	R7, R3
;__Lib_GPIO_32F4xx.c, 82 :: 		
0x02B2	0x4618    MOV	R0, R3
0x02B4	0xF7FFFF68  BL	_GPIO_Clk_Enable+0
;__Lib_GPIO_32F4xx.c, 85 :: 		
0x02B8	0xF1B50FFF  CMP	R5, #255
0x02BC	0xD120    BNE	L_GPIO_Config22
;__Lib_GPIO_32F4xx.c, 86 :: 		
0x02BE	0x683C    LDR	R4, [R7, #0]
;__Lib_GPIO_32F4xx.c, 87 :: 		
0x02C0	0x4B81    LDR	R3, [PC, #516]
0x02C2	0xEA040303  AND	R3, R4, R3, LSL #0
; tmp start address is: 0 (R0)
0x02C6	0x4618    MOV	R0, R3
;__Lib_GPIO_32F4xx.c, 88 :: 		
0x02C8	0x4B80    LDR	R3, [PC, #512]
0x02CA	0x429E    CMP	R6, R3
0x02CC	0xD114    BNE	L_GPIO_Config23
; pin_mask end address is: 20 (R5)
; config end address is: 24 (R6)
;__Lib_GPIO_32F4xx.c, 89 :: 		
0x02CE	0xF2455355  MOVW	R3, #21845
0x02D2	0xEA400303  ORR	R3, R0, R3, LSL #0
; tmp end address is: 0 (R0)
;__Lib_GPIO_32F4xx.c, 90 :: 		
0x02D6	0x603B    STR	R3, [R7, #0]
;__Lib_GPIO_32F4xx.c, 91 :: 		
0x02D8	0x1D3D    ADDS	R5, R7, #4
0x02DA	0x682C    LDR	R4, [R5, #0]
0x02DC	0xF06F03FF  MVN	R3, #255
0x02E0	0xEA040303  AND	R3, R4, R3, LSL #0
0x02E4	0x602B    STR	R3, [R5, #0]
;__Lib_GPIO_32F4xx.c, 92 :: 		
0x02E6	0xF2070508  ADDW	R5, R7, #8
; port end address is: 28 (R7)
0x02EA	0x682C    LDR	R4, [R5, #0]
0x02EC	0xF64F73FF  MOVW	R3, #65535
0x02F0	0xEA440303  ORR	R3, R4, R3, LSL #0
0x02F4	0x602B    STR	R3, [R5, #0]
;__Lib_GPIO_32F4xx.c, 93 :: 		
0x02F6	0xE0E1    B	L_end_GPIO_Config
;__Lib_GPIO_32F4xx.c, 94 :: 		
L_GPIO_Config23:
;__Lib_GPIO_32F4xx.c, 95 :: 		
; port start address is: 28 (R7)
; tmp start address is: 0 (R0)
; config start address is: 24 (R6)
; pin_mask start address is: 20 (R5)
0x02F8	0x2E42    CMP	R6, #66
0x02FA	0xD101    BNE	L_GPIO_Config24
; pin_mask end address is: 20 (R5)
; config end address is: 24 (R6)
;__Lib_GPIO_32F4xx.c, 96 :: 		
0x02FC	0x6038    STR	R0, [R7, #0]
; tmp end address is: 0 (R0)
; port end address is: 28 (R7)
;__Lib_GPIO_32F4xx.c, 97 :: 		
0x02FE	0xE0DD    B	L_end_GPIO_Config
;__Lib_GPIO_32F4xx.c, 98 :: 		
L_GPIO_Config24:
;__Lib_GPIO_32F4xx.c, 99 :: 		
; port start address is: 28 (R7)
; config start address is: 24 (R6)
; pin_mask start address is: 20 (R5)
L_GPIO_Config22:
;__Lib_GPIO_32F4xx.c, 101 :: 		
0x0300	0x4B73    LDR	R3, [PC, #460]
0x0302	0x429D    CMP	R5, R3
0x0304	0xD113    BNE	L_GPIO_Config25
;__Lib_GPIO_32F4xx.c, 102 :: 		
0x0306	0x4B71    LDR	R3, [PC, #452]
0x0308	0x429E    CMP	R6, R3
0x030A	0xD10B    BNE	L_GPIO_Config26
; pin_mask end address is: 20 (R5)
; config end address is: 24 (R6)
;__Lib_GPIO_32F4xx.c, 103 :: 		
0x030C	0xF04F3355  MOV	R3, #1431655765
0x0310	0x603B    STR	R3, [R7, #0]
;__Lib_GPIO_32F4xx.c, 104 :: 		
0x0312	0x1D3C    ADDS	R4, R7, #4
0x0314	0x2300    MOVS	R3, #0
0x0316	0x6023    STR	R3, [R4, #0]
;__Lib_GPIO_32F4xx.c, 105 :: 		
0x0318	0xF2070408  ADDW	R4, R7, #8
; port end address is: 28 (R7)
0x031C	0xF04F33FF  MOV	R3, #-1
0x0320	0x6023    STR	R3, [R4, #0]
;__Lib_GPIO_32F4xx.c, 106 :: 		
0x0322	0xE0CB    B	L_end_GPIO_Config
;__Lib_GPIO_32F4xx.c, 107 :: 		
L_GPIO_Config26:
;__Lib_GPIO_32F4xx.c, 108 :: 		
; port start address is: 28 (R7)
; config start address is: 24 (R6)
; pin_mask start address is: 20 (R5)
0x0324	0x2E42    CMP	R6, #66
0x0326	0xD102    BNE	L_GPIO_Config27
; pin_mask end address is: 20 (R5)
; config end address is: 24 (R6)
;__Lib_GPIO_32F4xx.c, 109 :: 		
0x0328	0x2300    MOVS	R3, #0
0x032A	0x603B    STR	R3, [R7, #0]
; port end address is: 28 (R7)
;__Lib_GPIO_32F4xx.c, 110 :: 		
0x032C	0xE0C6    B	L_end_GPIO_Config
;__Lib_GPIO_32F4xx.c, 111 :: 		
L_GPIO_Config27:
;__Lib_GPIO_32F4xx.c, 112 :: 		
; port start address is: 28 (R7)
; config start address is: 24 (R6)
; pin_mask start address is: 20 (R5)
L_GPIO_Config25:
;__Lib_GPIO_32F4xx.c, 114 :: 		
0x032E	0xF0060301  AND	R3, R6, #1
0x0332	0xB10B    CBZ	R3, L_GPIO_Config28
;__Lib_GPIO_32F4xx.c, 115 :: 		
; mode start address is: 0 (R0)
0x0334	0x2003    MOVS	R0, #3
; mode end address is: 0 (R0)
0x0336	0xE00A    B	L_GPIO_Config29
L_GPIO_Config28:
;__Lib_GPIO_32F4xx.c, 116 :: 		
0x0338	0xF0060308  AND	R3, R6, #8
0x033C	0xB10B    CBZ	R3, L_GPIO_Config30
;__Lib_GPIO_32F4xx.c, 117 :: 		
; mode start address is: 0 (R0)
0x033E	0x2002    MOVS	R0, #2
; mode end address is: 0 (R0)
0x0340	0xE005    B	L_GPIO_Config31
L_GPIO_Config30:
;__Lib_GPIO_32F4xx.c, 118 :: 		
0x0342	0xF0060304  AND	R3, R6, #4
0x0346	0xB10B    CBZ	R3, L_GPIO_Config32
;__Lib_GPIO_32F4xx.c, 119 :: 		
; mode start address is: 0 (R0)
0x0348	0x2001    MOVS	R0, #1
; mode end address is: 0 (R0)
0x034A	0xE000    B	L_GPIO_Config33
L_GPIO_Config32:
;__Lib_GPIO_32F4xx.c, 121 :: 		
; mode start address is: 0 (R0)
0x034C	0x2000    MOVS	R0, #0
; mode end address is: 0 (R0)
L_GPIO_Config33:
; mode start address is: 0 (R0)
; mode end address is: 0 (R0)
L_GPIO_Config31:
; mode start address is: 0 (R0)
; mode end address is: 0 (R0)
L_GPIO_Config29:
;__Lib_GPIO_32F4xx.c, 123 :: 		
; mode start address is: 0 (R0)
0x034E	0x4B61    LDR	R3, [PC, #388]
0x0350	0xEA060303  AND	R3, R6, R3, LSL #0
0x0354	0xB10B    CBZ	R3, L_GPIO_Config34
;__Lib_GPIO_32F4xx.c, 124 :: 		
; speed start address is: 4 (R1)
0x0356	0x2103    MOVS	R1, #3
; speed end address is: 4 (R1)
0x0358	0xE00A    B	L_GPIO_Config35
L_GPIO_Config34:
;__Lib_GPIO_32F4xx.c, 125 :: 		
0x035A	0xF4066380  AND	R3, R6, #1024
0x035E	0xB10B    CBZ	R3, L_GPIO_Config36
;__Lib_GPIO_32F4xx.c, 126 :: 		
; speed start address is: 4 (R1)
0x0360	0x2102    MOVS	R1, #2
; speed end address is: 4 (R1)
0x0362	0xE005    B	L_GPIO_Config37
L_GPIO_Config36:
;__Lib_GPIO_32F4xx.c, 127 :: 		
0x0364	0xF4067300  AND	R3, R6, #512
0x0368	0xB10B    CBZ	R3, L_GPIO_Config38
;__Lib_GPIO_32F4xx.c, 128 :: 		
; speed start address is: 4 (R1)
0x036A	0x2101    MOVS	R1, #1
; speed end address is: 4 (R1)
0x036C	0xE000    B	L_GPIO_Config39
L_GPIO_Config38:
;__Lib_GPIO_32F4xx.c, 130 :: 		
; speed start address is: 4 (R1)
0x036E	0x2100    MOVS	R1, #0
; speed end address is: 4 (R1)
L_GPIO_Config39:
; speed start address is: 4 (R1)
; speed end address is: 4 (R1)
L_GPIO_Config37:
; speed start address is: 4 (R1)
; speed end address is: 4 (R1)
L_GPIO_Config35:
;__Lib_GPIO_32F4xx.c, 132 :: 		
; speed start address is: 4 (R1)
0x0370	0xF0060320  AND	R3, R6, #32
0x0374	0xB10B    CBZ	R3, L_GPIO_Config40
;__Lib_GPIO_32F4xx.c, 133 :: 		
; otype start address is: 8 (R2)
0x0376	0x2201    MOVS	R2, #1
; otype end address is: 8 (R2)
0x0378	0xE000    B	L_GPIO_Config41
L_GPIO_Config40:
;__Lib_GPIO_32F4xx.c, 135 :: 		
; otype start address is: 8 (R2)
0x037A	0x2200    MOVS	R2, #0
; otype end address is: 8 (R2)
L_GPIO_Config41:
;__Lib_GPIO_32F4xx.c, 137 :: 		
; otype start address is: 8 (R2)
0x037C	0xF4067380  AND	R3, R6, #256
0x0380	0xB10B    CBZ	R3, L_GPIO_Config42
;__Lib_GPIO_32F4xx.c, 138 :: 		
; pull start address is: 12 (R3)
0x0382	0x2302    MOVS	R3, #2
; pull end address is: 12 (R3)
0x0384	0xE005    B	L_GPIO_Config43
L_GPIO_Config42:
;__Lib_GPIO_32F4xx.c, 139 :: 		
0x0386	0xF0060380  AND	R3, R6, #128
0x038A	0xB10B    CBZ	R3, L_GPIO_Config44
;__Lib_GPIO_32F4xx.c, 140 :: 		
; pull start address is: 12 (R3)
0x038C	0x2301    MOVS	R3, #1
; pull end address is: 12 (R3)
0x038E	0xE000    B	L_GPIO_Config45
L_GPIO_Config44:
;__Lib_GPIO_32F4xx.c, 142 :: 		
; pull start address is: 12 (R3)
0x0390	0x2300    MOVS	R3, #0
; pull end address is: 12 (R3)
L_GPIO_Config45:
; pull start address is: 12 (R3)
; pull end address is: 12 (R3)
L_GPIO_Config43:
;__Lib_GPIO_32F4xx.c, 146 :: 		
; pull start address is: 12 (R3)
; pinpos start address is: 40 (R10)
0x0392	0xF2400A00  MOVW	R10, #0
; pin_mask end address is: 20 (R5)
; config end address is: 24 (R6)
; mode end address is: 0 (R0)
; speed end address is: 4 (R1)
; otype end address is: 8 (R2)
; pull end address is: 12 (R3)
; pinpos end address is: 40 (R10)
0x0396	0x9201    STR	R2, [SP, #4]
0x0398	0xFA1FF985  UXTH	R9, R5
0x039C	0x46B0    MOV	R8, R6
0x039E	0x4606    MOV	R6, R0
0x03A0	0x4618    MOV	R0, R3
0x03A2	0x460A    MOV	R2, R1
0x03A4	0x9901    LDR	R1, [SP, #4]
L_GPIO_Config46:
; pinpos start address is: 40 (R10)
; pin_mask start address is: 36 (R9)
; config start address is: 32 (R8)
; mode start address is: 24 (R6)
; speed start address is: 8 (R2)
; otype start address is: 4 (R1)
; pull start address is: 0 (R0)
; pull start address is: 0 (R0)
; pull end address is: 0 (R0)
; otype start address is: 4 (R1)
; otype end address is: 4 (R1)
; speed start address is: 8 (R2)
; speed end address is: 8 (R2)
; mode start address is: 24 (R6)
; mode end address is: 24 (R6)
; port start address is: 28 (R7)
; port end address is: 28 (R7)
; config start address is: 32 (R8)
; config end address is: 32 (R8)
; pin_mask start address is: 36 (R9)
; pin_mask end address is: 36 (R9)
0x03A6	0xF1BA0F10  CMP	R10, #16
0x03AA	0xF0808087  BCS	L_GPIO_Config47
; pull end address is: 0 (R0)
; otype end address is: 4 (R1)
; speed end address is: 8 (R2)
; mode end address is: 24 (R6)
; port end address is: 28 (R7)
; config end address is: 32 (R8)
; pin_mask end address is: 36 (R9)
;__Lib_GPIO_32F4xx.c, 148 :: 		
; pin_mask start address is: 36 (R9)
; config start address is: 32 (R8)
; port start address is: 28 (R7)
; mode start address is: 24 (R6)
; speed start address is: 8 (R2)
; otype start address is: 4 (R1)
; pull start address is: 0 (R0)
0x03AE	0xF04F0301  MOV	R3, #1
0x03B2	0xFA03F40A  LSL	R4, R3, R10
;__Lib_GPIO_32F4xx.c, 150 :: 		
0x03B6	0xEA090304  AND	R3, R9, R4, LSL #0
;__Lib_GPIO_32F4xx.c, 152 :: 		
0x03BA	0x42A3    CMP	R3, R4
0x03BC	0xF040807B  BNE	L_GPIO_Config49
;__Lib_GPIO_32F4xx.c, 154 :: 		
0x03C0	0xEA4F044A  LSL	R4, R10, #1
0x03C4	0xF04F0303  MOV	R3, #3
0x03C8	0x40A3    LSLS	R3, R4
0x03CA	0x43DC    MVN	R4, R3
0x03CC	0x683B    LDR	R3, [R7, #0]
0x03CE	0x4023    ANDS	R3, R4
0x03D0	0x603B    STR	R3, [R7, #0]
;__Lib_GPIO_32F4xx.c, 155 :: 		
0x03D2	0xEA4F034A  LSL	R3, R10, #1
0x03D6	0xFA06F403  LSL	R4, R6, R3
0x03DA	0x683B    LDR	R3, [R7, #0]
0x03DC	0x4323    ORRS	R3, R4
0x03DE	0x603B    STR	R3, [R7, #0]
;__Lib_GPIO_32F4xx.c, 157 :: 		
0x03E0	0xF008030C  AND	R3, R8, #12
0x03E4	0xB33B    CBZ	R3, L_GPIO_Config50
;__Lib_GPIO_32F4xx.c, 160 :: 		
0x03E6	0xF2070508  ADDW	R5, R7, #8
0x03EA	0xEA4F044A  LSL	R4, R10, #1
0x03EE	0xF04F0303  MOV	R3, #3
0x03F2	0x40A3    LSLS	R3, R4
0x03F4	0x43DC    MVN	R4, R3
0x03F6	0x682B    LDR	R3, [R5, #0]
0x03F8	0x4023    ANDS	R3, R4
0x03FA	0x602B    STR	R3, [R5, #0]
;__Lib_GPIO_32F4xx.c, 161 :: 		
0x03FC	0xF2070508  ADDW	R5, R7, #8
0x0400	0xEA4F034A  LSL	R3, R10, #1
0x0404	0xFA02F403  LSL	R4, R2, R3
0x0408	0x682B    LDR	R3, [R5, #0]
0x040A	0x4323    ORRS	R3, R4
0x040C	0x602B    STR	R3, [R5, #0]
;__Lib_GPIO_32F4xx.c, 164 :: 		
0x040E	0x1D3D    ADDS	R5, R7, #4
0x0410	0xFA1FF48A  UXTH	R4, R10
0x0414	0xF04F0301  MOV	R3, #1
0x0418	0x40A3    LSLS	R3, R4
0x041A	0x43DC    MVN	R4, R3
0x041C	0x682B    LDR	R3, [R5, #0]
0x041E	0x4023    ANDS	R3, R4
0x0420	0x602B    STR	R3, [R5, #0]
;__Lib_GPIO_32F4xx.c, 165 :: 		
0x0422	0x1D3D    ADDS	R5, R7, #4
0x0424	0xFA1FF48A  UXTH	R4, R10
0x0428	0xB28B    UXTH	R3, R1
0x042A	0xFA03F404  LSL	R4, R3, R4
0x042E	0xB2A4    UXTH	R4, R4
0x0430	0x682B    LDR	R3, [R5, #0]
0x0432	0x4323    ORRS	R3, R4
0x0434	0x602B    STR	R3, [R5, #0]
;__Lib_GPIO_32F4xx.c, 166 :: 		
L_GPIO_Config50:
;__Lib_GPIO_32F4xx.c, 169 :: 		
0x0436	0xF207050C  ADDW	R5, R7, #12
0x043A	0xFA1FF38A  UXTH	R3, R10
0x043E	0x005C    LSLS	R4, R3, #1
0x0440	0xB2A4    UXTH	R4, R4
0x0442	0xF04F0303  MOV	R3, #3
0x0446	0x40A3    LSLS	R3, R4
0x0448	0x43DC    MVN	R4, R3
0x044A	0x682B    LDR	R3, [R5, #0]
0x044C	0x4023    ANDS	R3, R4
0x044E	0x602B    STR	R3, [R5, #0]
;__Lib_GPIO_32F4xx.c, 170 :: 		
0x0450	0xF207050C  ADDW	R5, R7, #12
0x0454	0xEA4F034A  LSL	R3, R10, #1
0x0458	0xFA00F403  LSL	R4, R0, R3
0x045C	0x682B    LDR	R3, [R5, #0]
0x045E	0x4323    ORRS	R3, R4
0x0460	0x602B    STR	R3, [R5, #0]
;__Lib_GPIO_32F4xx.c, 172 :: 		
0x0462	0xF0080308  AND	R3, R8, #8
0x0466	0xB333    CBZ	R3, L_GPIO_Config51
;__Lib_GPIO_32F4xx.c, 173 :: 		
0x0468	0xF4080370  AND	R3, R8, #15728640
0x046C	0x0D1B    LSRS	R3, R3, #20
0x046E	0xF88D300C  STRB	R3, [SP, #12]
;__Lib_GPIO_32F4xx.c, 174 :: 		
0x0472	0xF1BA0F07  CMP	R10, #7
0x0476	0xD905    BLS	L_GPIO_Config52
;__Lib_GPIO_32F4xx.c, 175 :: 		
0x0478	0xF2070324  ADDW	R3, R7, #36
0x047C	0x9302    STR	R3, [SP, #8]
;__Lib_GPIO_32F4xx.c, 176 :: 		
0x047E	0xF1AA0508  SUB	R5, R10, #8
; pos start address is: 20 (R5)
;__Lib_GPIO_32F4xx.c, 177 :: 		
; pos end address is: 20 (R5)
0x0482	0xE003    B	L_GPIO_Config53
L_GPIO_Config52:
;__Lib_GPIO_32F4xx.c, 178 :: 		
0x0484	0xF2070320  ADDW	R3, R7, #32
0x0488	0x9302    STR	R3, [SP, #8]
;__Lib_GPIO_32F4xx.c, 179 :: 		
; pos start address is: 20 (R5)
0x048A	0x4655    MOV	R5, R10
; pos end address is: 20 (R5)
;__Lib_GPIO_32F4xx.c, 180 :: 		
L_GPIO_Config53:
;__Lib_GPIO_32F4xx.c, 181 :: 		
; pos start address is: 20 (R5)
0x048C	0x00AC    LSLS	R4, R5, #2
0x048E	0xF04F030F  MOV	R3, #15
0x0492	0x40A3    LSLS	R3, R4
0x0494	0x43DC    MVN	R4, R3
0x0496	0x9B02    LDR	R3, [SP, #8]
0x0498	0x681B    LDR	R3, [R3, #0]
0x049A	0xEA030404  AND	R4, R3, R4, LSL #0
0x049E	0x9B02    LDR	R3, [SP, #8]
0x04A0	0x601C    STR	R4, [R3, #0]
;__Lib_GPIO_32F4xx.c, 182 :: 		
0x04A2	0xF89D400C  LDRB	R4, [SP, #12]
0x04A6	0x00AB    LSLS	R3, R5, #2
; pos end address is: 20 (R5)
0x04A8	0x409C    LSLS	R4, R3
0x04AA	0x9B02    LDR	R3, [SP, #8]
0x04AC	0x681B    LDR	R3, [R3, #0]
0x04AE	0xEA430404  ORR	R4, R3, R4, LSL #0
0x04B2	0x9B02    LDR	R3, [SP, #8]
0x04B4	0x601C    STR	R4, [R3, #0]
;__Lib_GPIO_32F4xx.c, 183 :: 		
L_GPIO_Config51:
;__Lib_GPIO_32F4xx.c, 185 :: 		
L_GPIO_Config49:
;__Lib_GPIO_32F4xx.c, 146 :: 		
0x04B6	0xF10A0A01  ADD	R10, R10, #1
;__Lib_GPIO_32F4xx.c, 186 :: 		
; pull end address is: 0 (R0)
; otype end address is: 4 (R1)
; speed end address is: 8 (R2)
; mode end address is: 24 (R6)
; port end address is: 28 (R7)
; config end address is: 32 (R8)
; pin_mask end address is: 36 (R9)
; pinpos end address is: 40 (R10)
0x04BA	0xE774    B	L_GPIO_Config46
L_GPIO_Config47:
;__Lib_GPIO_32F4xx.c, 187 :: 		
L_end_GPIO_Config:
0x04BC	0xF8DDE000  LDR	LR, [SP, #0]
0x04C0	0xB004    ADD	SP, SP, #16
0x04C2	0x4770    BX	LR
0x04C4	0xFC00FFFF  	#-1024
0x04C8	0x0000FFFF  	#-65536
0x04CC	0x00140008  	#524308
0x04D0	0xFFFF0000  	#65535
0x04D4	0x08000008  	#526336
; end of _GPIO_Config
_GPIO_Clk_Enable:
;__Lib_GPIO_32F4xx.c, 26 :: 		
; gpio_port start address is: 0 (R0)
0x0188	0xB081    SUB	SP, SP, #4
; gpio_port end address is: 0 (R0)
; gpio_port start address is: 0 (R0)
;__Lib_GPIO_32F4xx.c, 28 :: 		
0x018A	0x491E    LDR	R1, [PC, #120]
0x018C	0xEA000101  AND	R1, R0, R1, LSL #0
; gpio_port end address is: 0 (R0)
; prt start address is: 0 (R0)
0x0190	0x4608    MOV	R0, R1
;__Lib_GPIO_32F4xx.c, 29 :: 		
; pos start address is: 8 (R2)
0x0192	0x2200    MOVS	R2, #0
;__Lib_GPIO_32F4xx.c, 30 :: 		
0x0194	0xE012    B	L_GPIO_Clk_Enable0
; prt end address is: 0 (R0)
; pos end address is: 8 (R2)
;__Lib_GPIO_32F4xx.c, 31 :: 		
L_GPIO_Clk_Enable2:
; pos start address is: 0 (R0)
0x0196	0x2001    MOVS	R0, #1
; pos end address is: 0 (R0)
0x0198	0xE02C    B	L_GPIO_Clk_Enable1
;__Lib_GPIO_32F4xx.c, 32 :: 		
L_GPIO_Clk_Enable3:
; pos start address is: 0 (R0)
0x019A	0x2002    MOVS	R0, #2
; pos end address is: 0 (R0)
0x019C	0xE02A    B	L_GPIO_Clk_Enable1
;__Lib_GPIO_32F4xx.c, 33 :: 		
L_GPIO_Clk_Enable4:
; pos start address is: 0 (R0)
0x019E	0x2004    MOVS	R0, #4
; pos end address is: 0 (R0)
0x01A0	0xE028    B	L_GPIO_Clk_Enable1
;__Lib_GPIO_32F4xx.c, 34 :: 		
L_GPIO_Clk_Enable5:
; pos start address is: 0 (R0)
0x01A2	0x2008    MOVS	R0, #8
; pos end address is: 0 (R0)
0x01A4	0xE026    B	L_GPIO_Clk_Enable1
;__Lib_GPIO_32F4xx.c, 35 :: 		
L_GPIO_Clk_Enable6:
; pos start address is: 0 (R0)
0x01A6	0x2010    MOVS	R0, #16
; pos end address is: 0 (R0)
0x01A8	0xE024    B	L_GPIO_Clk_Enable1
;__Lib_GPIO_32F4xx.c, 36 :: 		
L_GPIO_Clk_Enable7:
; pos start address is: 0 (R0)
0x01AA	0x2020    MOVS	R0, #32
; pos end address is: 0 (R0)
0x01AC	0xE022    B	L_GPIO_Clk_Enable1
;__Lib_GPIO_32F4xx.c, 37 :: 		
L_GPIO_Clk_Enable8:
; pos start address is: 0 (R0)
0x01AE	0x2040    MOVS	R0, #64
; pos end address is: 0 (R0)
0x01B0	0xE020    B	L_GPIO_Clk_Enable1
;__Lib_GPIO_32F4xx.c, 38 :: 		
L_GPIO_Clk_Enable9:
; pos start address is: 0 (R0)
0x01B2	0x2080    MOVS	R0, #128
; pos end address is: 0 (R0)
0x01B4	0xE01E    B	L_GPIO_Clk_Enable1
;__Lib_GPIO_32F4xx.c, 39 :: 		
L_GPIO_Clk_Enable10:
; pos start address is: 0 (R0)
0x01B6	0xF2401000  MOVW	R0, #256
; pos end address is: 0 (R0)
0x01BA	0xE01B    B	L_GPIO_Clk_Enable1
;__Lib_GPIO_32F4xx.c, 40 :: 		
L_GPIO_Clk_Enable0:
; pos start address is: 8 (R2)
; prt start address is: 0 (R0)
0x01BC	0x4912    LDR	R1, [PC, #72]
0x01BE	0x4288    CMP	R0, R1
0x01C0	0xD0E9    BEQ	L_GPIO_Clk_Enable2
0x01C2	0x4912    LDR	R1, [PC, #72]
0x01C4	0x4288    CMP	R0, R1
0x01C6	0xD0E8    BEQ	L_GPIO_Clk_Enable3
0x01C8	0x4911    LDR	R1, [PC, #68]
0x01CA	0x4288    CMP	R0, R1
0x01CC	0xD0E7    BEQ	L_GPIO_Clk_Enable4
0x01CE	0x4911    LDR	R1, [PC, #68]
0x01D0	0x4288    CMP	R0, R1
0x01D2	0xD0E6    BEQ	L_GPIO_Clk_Enable5
0x01D4	0x4910    LDR	R1, [PC, #64]
0x01D6	0x4288    CMP	R0, R1
0x01D8	0xD0E5    BEQ	L_GPIO_Clk_Enable6
0x01DA	0x4910    LDR	R1, [PC, #64]
0x01DC	0x4288    CMP	R0, R1
0x01DE	0xD0E4    BEQ	L_GPIO_Clk_Enable7
0x01E0	0x490F    LDR	R1, [PC, #60]
0x01E2	0x4288    CMP	R0, R1
0x01E4	0xD0E3    BEQ	L_GPIO_Clk_Enable8
0x01E6	0x490F    LDR	R1, [PC, #60]
0x01E8	0x4288    CMP	R0, R1
0x01EA	0xD0E2    BEQ	L_GPIO_Clk_Enable9
0x01EC	0x490E    LDR	R1, [PC, #56]
0x01EE	0x4288    CMP	R0, R1
0x01F0	0xD0E1    BEQ	L_GPIO_Clk_Enable10
; prt end address is: 0 (R0)
; pos end address is: 8 (R2)
0x01F2	0x4610    MOV	R0, R2
L_GPIO_Clk_Enable1:
;__Lib_GPIO_32F4xx.c, 42 :: 		
; pos start address is: 0 (R0)
0x01F4	0x490D    LDR	R1, [PC, #52]
0x01F6	0x6809    LDR	R1, [R1, #0]
0x01F8	0xEA410200  ORR	R2, R1, R0, LSL #0
; pos end address is: 0 (R0)
0x01FC	0x490B    LDR	R1, [PC, #44]
0x01FE	0x600A    STR	R2, [R1, #0]
;__Lib_GPIO_32F4xx.c, 43 :: 		
L_end_GPIO_Clk_Enable:
0x0200	0xB001    ADD	SP, SP, #4
0x0202	0x4770    BX	LR
0x0204	0xFC00FFFF  	#-1024
0x0208	0x00004002  	#1073872896
0x020C	0x04004002  	#1073873920
0x0210	0x08004002  	#1073874944
0x0214	0x0C004002  	#1073875968
0x0218	0x10004002  	#1073876992
0x021C	0x14004002  	#1073878016
0x0220	0x18004002  	#1073879040
0x0224	0x1C004002  	#1073880064
0x0228	0x20004002  	#1073881088
0x022C	0x38304002  	RCC_AHB1ENR+0
; end of _GPIO_Clk_Enable
_GPIO_Digital_Output:
;__Lib_GPIO_32F4xx.c, 233 :: 		
; pin_mask start address is: 4 (R1)
; port start address is: 0 (R0)
0x0714	0xB081    SUB	SP, SP, #4
0x0716	0xF8CDE000  STR	LR, [SP, #0]
; pin_mask end address is: 4 (R1)
; port end address is: 0 (R0)
; port start address is: 0 (R0)
; pin_mask start address is: 4 (R1)
;__Lib_GPIO_32F4xx.c, 234 :: 		
0x071A	0x4A04    LDR	R2, [PC, #16]
0x071C	0xB289    UXTH	R1, R1
; pin_mask end address is: 4 (R1)
; port end address is: 0 (R0)
0x071E	0xF7FFFDBF  BL	_GPIO_Config+0
;__Lib_GPIO_32F4xx.c, 235 :: 		
L_end_GPIO_Digital_Output:
0x0722	0xF8DDE000  LDR	LR, [SP, #0]
0x0726	0xB001    ADD	SP, SP, #4
0x0728	0x4770    BX	LR
0x072A	0xBF00    NOP
0x072C	0x00140008  	#524308
; end of _GPIO_Digital_Output
_Lcd_Init:
;__Lib_Lcd.c, 77 :: 		
0x0748	0xB081    SUB	SP, SP, #4
0x074A	0xF8CDE000  STR	LR, [SP, #0]
;__Lib_Lcd.c, 80 :: 		
0x074E	0xF2410014  MOVW	R0, #lo_addr(LCD_EN+0)
;__Lib_Lcd.c, 81 :: 		
0x0752	0xF2C40002  MOVT	R0, #hi_addr(LCD_EN+0)
;__Lib_Lcd.c, 82 :: 		
0x0756	0xF04F0101  MOV	R1, #1
;__Lib_Lcd.c, 83 :: 		
0x075A	0xEA4F2181  LSL	R1, R1, BitPos(LCD_EN+0)
;__Lib_Lcd.c, 85 :: 		
0x075E	0x4A81    LDR	R2, [PC, #516]
0x0760	0xB289    UXTH	R1, R1
0x0762	0xF7FFFD9D  BL	_GPIO_Config+0
;__Lib_Lcd.c, 88 :: 		
0x0766	0xF2410014  MOVW	R0, #lo_addr(LCD_RS+0)
;__Lib_Lcd.c, 89 :: 		
0x076A	0xF2C40002  MOVT	R0, #hi_addr(LCD_RS+0)
;__Lib_Lcd.c, 90 :: 		
0x076E	0xF04F0101  MOV	R1, #1
;__Lib_Lcd.c, 91 :: 		
0x0772	0xEA4F2101  LSL	R1, R1, BitPos(LCD_RS+0)
;__Lib_Lcd.c, 93 :: 		
0x0776	0x4A7B    LDR	R2, [PC, #492]
0x0778	0xB289    UXTH	R1, R1
0x077A	0xF7FFFD91  BL	_GPIO_Config+0
;__Lib_Lcd.c, 96 :: 		
0x077E	0xF2410014  MOVW	R0, #lo_addr(LCD_D4+0)
;__Lib_Lcd.c, 97 :: 		
0x0782	0xF2C40002  MOVT	R0, #hi_addr(LCD_D4+0)
;__Lib_Lcd.c, 98 :: 		
0x0786	0xF04F0101  MOV	R1, #1
;__Lib_Lcd.c, 99 :: 		
0x078A	0xEA4F1101  LSL	R1, R1, BitPos(LCD_D4+0)
;__Lib_Lcd.c, 101 :: 		
0x078E	0x4A75    LDR	R2, [PC, #468]
0x0790	0xB289    UXTH	R1, R1
0x0792	0xF7FFFD85  BL	_GPIO_Config+0
;__Lib_Lcd.c, 104 :: 		
0x0796	0xF2410014  MOVW	R0, #lo_addr(LCD_D5+0)
;__Lib_Lcd.c, 105 :: 		
0x079A	0xF2C40002  MOVT	R0, #hi_addr(LCD_D5+0)
;__Lib_Lcd.c, 106 :: 		
0x079E	0xF04F0101  MOV	R1, #1
;__Lib_Lcd.c, 107 :: 		
0x07A2	0xEA4F1141  LSL	R1, R1, BitPos(LCD_D5+0)
;__Lib_Lcd.c, 109 :: 		
0x07A6	0x4A6F    LDR	R2, [PC, #444]
0x07A8	0xB289    UXTH	R1, R1
0x07AA	0xF7FFFD79  BL	_GPIO_Config+0
;__Lib_Lcd.c, 112 :: 		
0x07AE	0xF2410014  MOVW	R0, #lo_addr(LCD_D6+0)
;__Lib_Lcd.c, 113 :: 		
0x07B2	0xF2C40002  MOVT	R0, #hi_addr(LCD_D6+0)
;__Lib_Lcd.c, 114 :: 		
0x07B6	0xF04F0101  MOV	R1, #1
;__Lib_Lcd.c, 115 :: 		
0x07BA	0xEA4F1181  LSL	R1, R1, BitPos(LCD_D6+0)
;__Lib_Lcd.c, 117 :: 		
0x07BE	0x4A69    LDR	R2, [PC, #420]
0x07C0	0xB289    UXTH	R1, R1
0x07C2	0xF7FFFD6D  BL	_GPIO_Config+0
;__Lib_Lcd.c, 120 :: 		
0x07C6	0xF2410014  MOVW	R0, #lo_addr(LCD_D7+0)
;__Lib_Lcd.c, 121 :: 		
0x07CA	0xF2C40002  MOVT	R0, #hi_addr(LCD_D7+0)
;__Lib_Lcd.c, 122 :: 		
0x07CE	0xF04F0101  MOV	R1, #1
;__Lib_Lcd.c, 123 :: 		
0x07D2	0xEA4F11C1  LSL	R1, R1, BitPos(LCD_D7+0)
;__Lib_Lcd.c, 125 :: 		
0x07D6	0x4A63    LDR	R2, [PC, #396]
0x07D8	0xB289    UXTH	R1, R1
0x07DA	0xF7FFFD61  BL	_GPIO_Config+0
;__Lib_Lcd.c, 127 :: 		
0x07DE	0x2100    MOVS	R1, #0
0x07E0	0xB249    SXTB	R1, R1
0x07E2	0x4861    LDR	R0, [PC, #388]
0x07E4	0x6001    STR	R1, [R0, #0]
;__Lib_Lcd.c, 128 :: 		
0x07E6	0x4861    LDR	R0, [PC, #388]
0x07E8	0x6001    STR	R1, [R0, #0]
;__Lib_Lcd.c, 129 :: 		
0x07EA	0x4861    LDR	R0, [PC, #388]
0x07EC	0x6001    STR	R1, [R0, #0]
;__Lib_Lcd.c, 130 :: 		
0x07EE	0x4861    LDR	R0, [PC, #388]
0x07F0	0x6001    STR	R1, [R0, #0]
;__Lib_Lcd.c, 131 :: 		
0x07F2	0x4861    LDR	R0, [PC, #388]
0x07F4	0x6001    STR	R1, [R0, #0]
;__Lib_Lcd.c, 132 :: 		
0x07F6	0x4861    LDR	R0, [PC, #388]
0x07F8	0x6001    STR	R1, [R0, #0]
;__Lib_Lcd.c, 134 :: 		
0x07FA	0xF7FFFD19  BL	_Delay_5500us+0
;__Lib_Lcd.c, 135 :: 		
0x07FE	0xF7FFFD17  BL	_Delay_5500us+0
;__Lib_Lcd.c, 136 :: 		
0x0802	0xF7FFFD15  BL	_Delay_5500us+0
;__Lib_Lcd.c, 139 :: 		
0x0806	0x2101    MOVS	R1, #1
0x0808	0xB249    SXTB	R1, R1
0x080A	0x485B    LDR	R0, [PC, #364]
0x080C	0x6001    STR	R1, [R0, #0]
;__Lib_Lcd.c, 140 :: 		
0x080E	0x485B    LDR	R0, [PC, #364]
0x0810	0x6001    STR	R1, [R0, #0]
;__Lib_Lcd.c, 141 :: 		
0x0812	0x4855    LDR	R0, [PC, #340]
0x0814	0x6001    STR	R1, [R0, #0]
;__Lib_Lcd.c, 142 :: 		
0x0816	0xF7FFFD17  BL	_Delay_1us+0
;__Lib_Lcd.c, 143 :: 		
0x081A	0x2100    MOVS	R1, #0
0x081C	0xB249    SXTB	R1, R1
0x081E	0x4852    LDR	R0, [PC, #328]
0x0820	0x6001    STR	R1, [R0, #0]
;__Lib_Lcd.c, 144 :: 		
0x0822	0xF7FFFD05  BL	_Delay_5500us+0
;__Lib_Lcd.c, 146 :: 		
0x0826	0x2101    MOVS	R1, #1
0x0828	0xB249    SXTB	R1, R1
0x082A	0x484F    LDR	R0, [PC, #316]
0x082C	0x6001    STR	R1, [R0, #0]
;__Lib_Lcd.c, 147 :: 		
0x082E	0xF7FFFD0B  BL	_Delay_1us+0
;__Lib_Lcd.c, 148 :: 		
0x0832	0x2100    MOVS	R1, #0
0x0834	0xB249    SXTB	R1, R1
0x0836	0x484C    LDR	R0, [PC, #304]
0x0838	0x6001    STR	R1, [R0, #0]
;__Lib_Lcd.c, 149 :: 		
0x083A	0xF7FFFCF9  BL	_Delay_5500us+0
;__Lib_Lcd.c, 151 :: 		
0x083E	0x2101    MOVS	R1, #1
0x0840	0xB249    SXTB	R1, R1
0x0842	0x4849    LDR	R0, [PC, #292]
0x0844	0x6001    STR	R1, [R0, #0]
;__Lib_Lcd.c, 152 :: 		
0x0846	0xF7FFFCFF  BL	_Delay_1us+0
;__Lib_Lcd.c, 153 :: 		
0x084A	0x2100    MOVS	R1, #0
0x084C	0xB249    SXTB	R1, R1
0x084E	0x4846    LDR	R0, [PC, #280]
0x0850	0x6001    STR	R1, [R0, #0]
;__Lib_Lcd.c, 154 :: 		
0x0852	0xF7FFFCED  BL	_Delay_5500us+0
;__Lib_Lcd.c, 157 :: 		
0x0856	0x2100    MOVS	R1, #0
0x0858	0xB249    SXTB	R1, R1
0x085A	0x4848    LDR	R0, [PC, #288]
0x085C	0x6001    STR	R1, [R0, #0]
;__Lib_Lcd.c, 158 :: 		
0x085E	0x2101    MOVS	R1, #1
0x0860	0xB249    SXTB	R1, R1
0x0862	0x4841    LDR	R0, [PC, #260]
0x0864	0x6001    STR	R1, [R0, #0]
;__Lib_Lcd.c, 159 :: 		
0x0866	0xF7FFFCEF  BL	_Delay_1us+0
;__Lib_Lcd.c, 160 :: 		
0x086A	0x2100    MOVS	R1, #0
0x086C	0xB249    SXTB	R1, R1
0x086E	0x483E    LDR	R0, [PC, #248]
0x0870	0x6001    STR	R1, [R0, #0]
;__Lib_Lcd.c, 161 :: 		
0x0872	0xF7FFFCDD  BL	_Delay_5500us+0
;__Lib_Lcd.c, 164 :: 		
0x0876	0x2101    MOVS	R1, #1
0x0878	0xB249    SXTB	R1, R1
0x087A	0x483B    LDR	R0, [PC, #236]
0x087C	0x6001    STR	R1, [R0, #0]
;__Lib_Lcd.c, 165 :: 		
0x087E	0xF7FFFCE3  BL	_Delay_1us+0
;__Lib_Lcd.c, 166 :: 		
0x0882	0x2100    MOVS	R1, #0
0x0884	0xB249    SXTB	R1, R1
0x0886	0x4A38    LDR	R2, [PC, #224]
0x0888	0x6011    STR	R1, [R2, #0]
;__Lib_Lcd.c, 168 :: 		
0x088A	0x483B    LDR	R0, [PC, #236]
0x088C	0x6001    STR	R1, [R0, #0]
;__Lib_Lcd.c, 169 :: 		
0x088E	0x2101    MOVS	R1, #1
0x0890	0xB249    SXTB	R1, R1
0x0892	0x4837    LDR	R0, [PC, #220]
0x0894	0x6001    STR	R1, [R0, #0]
;__Lib_Lcd.c, 170 :: 		
0x0896	0x6011    STR	R1, [R2, #0]
;__Lib_Lcd.c, 171 :: 		
0x0898	0xF7FFFCD6  BL	_Delay_1us+0
;__Lib_Lcd.c, 172 :: 		
0x089C	0x2100    MOVS	R1, #0
0x089E	0xB249    SXTB	R1, R1
0x08A0	0x4831    LDR	R0, [PC, #196]
0x08A2	0x6001    STR	R1, [R0, #0]
;__Lib_Lcd.c, 173 :: 		
0x08A4	0xF7FFFCC4  BL	_Delay_5500us+0
;__Lib_Lcd.c, 176 :: 		
0x08A8	0x2100    MOVS	R1, #0
0x08AA	0xB249    SXTB	R1, R1
0x08AC	0x4830    LDR	R0, [PC, #192]
0x08AE	0x6001    STR	R1, [R0, #0]
;__Lib_Lcd.c, 177 :: 		
0x08B0	0x2101    MOVS	R1, #1
0x08B2	0xB249    SXTB	R1, R1
0x08B4	0x4831    LDR	R0, [PC, #196]
0x08B6	0x6001    STR	R1, [R0, #0]
;__Lib_Lcd.c, 178 :: 		
0x08B8	0x482B    LDR	R0, [PC, #172]
0x08BA	0x6001    STR	R1, [R0, #0]
;__Lib_Lcd.c, 179 :: 		
0x08BC	0xF7FFFCC4  BL	_Delay_1us+0
;__Lib_Lcd.c, 180 :: 		
0x08C0	0x2200    MOVS	R2, #0
0x08C2	0xB252    SXTB	R2, R2
0x08C4	0x4928    LDR	R1, [PC, #160]
0x08C6	0x600A    STR	R2, [R1, #0]
;__Lib_Lcd.c, 182 :: 		
0x08C8	0x482C    LDR	R0, [PC, #176]
0x08CA	0x6002    STR	R2, [R0, #0]
;__Lib_Lcd.c, 183 :: 		
0x08CC	0x2001    MOVS	R0, #1
0x08CE	0xB240    SXTB	R0, R0
0x08D0	0x6008    STR	R0, [R1, #0]
;__Lib_Lcd.c, 184 :: 		
0x08D2	0xF7FFFCB9  BL	_Delay_1us+0
;__Lib_Lcd.c, 185 :: 		
0x08D6	0x2100    MOVS	R1, #0
0x08D8	0xB249    SXTB	R1, R1
0x08DA	0x4823    LDR	R0, [PC, #140]
0x08DC	0x6001    STR	R1, [R0, #0]
;__Lib_Lcd.c, 186 :: 		
0x08DE	0xF7FFFCA7  BL	_Delay_5500us+0
;__Lib_Lcd.c, 189 :: 		
0x08E2	0x2101    MOVS	R1, #1
0x08E4	0xB249    SXTB	R1, R1
0x08E6	0x4820    LDR	R0, [PC, #128]
0x08E8	0x6001    STR	R1, [R0, #0]
;__Lib_Lcd.c, 190 :: 		
0x08EA	0xF7FFFCAD  BL	_Delay_1us+0
;__Lib_Lcd.c, 191 :: 		
0x08EE	0x2000    MOVS	R0, #0
0x08F0	0xB240    SXTB	R0, R0
0x08F2	0x4A1D    LDR	R2, [PC, #116]
0x08F4	0x6010    STR	R0, [R2, #0]
;__Lib_Lcd.c, 193 :: 		
0x08F6	0x2101    MOVS	R1, #1
0x08F8	0xB249    SXTB	R1, R1
0x08FA	0x4820    LDR	R0, [PC, #128]
0x08FC	0x6001    STR	R1, [R0, #0]
;__Lib_Lcd.c, 194 :: 		
0x08FE	0x6011    STR	R1, [R2, #0]
;__Lib_Lcd.c, 195 :: 		
0x0900	0xF7FFFCA2  BL	_Delay_1us+0
;__Lib_Lcd.c, 196 :: 		
0x0904	0x2100    MOVS	R1, #0
0x0906	0xB249    SXTB	R1, R1
0x0908	0x4817    LDR	R0, [PC, #92]
0x090A	0x6001    STR	R1, [R0, #0]
;__Lib_Lcd.c, 197 :: 		
0x090C	0xF7FFFC90  BL	_Delay_5500us+0
;__Lib_Lcd.c, 200 :: 		
0x0910	0x2100    MOVS	R1, #0
0x0912	0xB249    SXTB	R1, R1
0x0914	0x4819    LDR	R0, [PC, #100]
0x0916	0x6001    STR	R1, [R0, #0]
;__Lib_Lcd.c, 201 :: 		
0x0918	0x2101    MOVS	R1, #1
0x091A	0xB249    SXTB	R1, R1
0x091C	0x4812    LDR	R0, [PC, #72]
0x091E	0x6001    STR	R1, [R0, #0]
;__Lib_Lcd.c, 202 :: 		
0x0920	0xF7FFFC92  BL	_Delay_1us+0
;__Lib_Lcd.c, 203 :: 		
0x0924	0x2000    MOVS	R0, #0
0x0926	0xB240    SXTB	R0, R0
0x0928	0x4A0F    LDR	R2, [PC, #60]
0x092A	0x6010    STR	R0, [R2, #0]
;__Lib_Lcd.c, 205 :: 		
0x092C	0x2101    MOVS	R1, #1
0x092E	0xB249    SXTB	R1, R1
0x0930	0x480F    LDR	R0, [PC, #60]
0x0932	0x6001    STR	R1, [R0, #0]
;__Lib_Lcd.c, 206 :: 		
0x0934	0x480F    LDR	R0, [PC, #60]
0x0936	0x6001    STR	R1, [R0, #0]
;__Lib_Lcd.c, 207 :: 		
0x0938	0x480F    LDR	R0, [PC, #60]
0x093A	0x6001    STR	R1, [R0, #0]
;__Lib_Lcd.c, 208 :: 		
0x093C	0x480F    LDR	R0, [PC, #60]
0x093E	0x6001    STR	R1, [R0, #0]
;__Lib_Lcd.c, 209 :: 		
0x0940	0x6011    STR	R1, [R2, #0]
;__Lib_Lcd.c, 210 :: 		
0x0942	0xF7FFFC81  BL	_Delay_1us+0
;__Lib_Lcd.c, 211 :: 		
0x0946	0x2100    MOVS	R1, #0
0x0948	0xB249    SXTB	R1, R1
0x094A	0x4807    LDR	R0, [PC, #28]
0x094C	0x6001    STR	R1, [R0, #0]
;__Lib_Lcd.c, 213 :: 		
0x094E	0xF7FFFC6F  BL	_Delay_5500us+0
;__Lib_Lcd.c, 215 :: 		
0x0952	0x2101    MOVS	R1, #1
0x0954	0xB249    SXTB	R1, R1
0x0956	0x480A    LDR	R0, [PC, #40]
0x0958	0x6001    STR	R1, [R0, #0]
;__Lib_Lcd.c, 216 :: 		
L_end_Lcd_Init:
0x095A	0xF8DDE000  LDR	LR, [SP, #0]
0x095E	0xB001    ADD	SP, SP, #4
0x0960	0x4770    BX	LR
0x0962	0xBF00    NOP
0x0964	0x00140008  	#524308
0x0968	0x02A84242  	LCD_EN+0
0x096C	0x02A04242  	LCD_RS+0
0x0970	0x029C4242  	LCD_D7+0
0x0974	0x02984242  	LCD_D6+0
0x0978	0x02944242  	LCD_D5+0
0x097C	0x02904242  	LCD_D4+0
0x0980	0x02002200  	__Lib_Lcd_cmd_status+0
; end of _Lcd_Init
_Delay_5500us:
;__Lib_Delays.c, 37 :: 		void Delay_5500us() {
;__Lib_Delays.c, 38 :: 		Delay_us(5500);
0x0230	0xF24B371E  MOVW	R7, #45854
0x0234	0xF2C00704  MOVT	R7, #4
L_Delay_5500us12:
0x0238	0x1E7F    SUBS	R7, R7, #1
0x023A	0xD1FD    BNE	L_Delay_5500us12
0x023C	0xBF00    NOP
0x023E	0xBF00    NOP
0x0240	0xBF00    NOP
0x0242	0xBF00    NOP
0x0244	0xBF00    NOP
;__Lib_Delays.c, 39 :: 		}
L_end_Delay_5500us:
0x0246	0x4770    BX	LR
; end of _Delay_5500us
_Delay_1us:
;__Lib_Delays.c, 13 :: 		void Delay_1us() {
;__Lib_Delays.c, 14 :: 		Delay_us(1);
0x0248	0xF2400736  MOVW	R7, #54
0x024C	0xF2C00700  MOVT	R7, #0
L_Delay_1us0:
0x0250	0x1E7F    SUBS	R7, R7, #1
0x0252	0xD1FD    BNE	L_Delay_1us0
0x0254	0xBF00    NOP
0x0256	0xBF00    NOP
0x0258	0xBF00    NOP
0x025A	0xBF00    NOP
0x025C	0xBF00    NOP
;__Lib_Delays.c, 15 :: 		}
L_end_Delay_1us:
0x025E	0x4770    BX	LR
; end of _Delay_1us
_Lcd_Cmd:
;__Lib_Lcd.c, 11 :: 		
; out_char start address is: 0 (R0)
0x0550	0xB081    SUB	SP, SP, #4
0x0552	0xF8CDE000  STR	LR, [SP, #0]
; out_char end address is: 0 (R0)
; out_char start address is: 0 (R0)
;__Lib_Lcd.c, 13 :: 		
0x0556	0xF3C012C0  UBFX	R2, R0, #7, #1
0x055A	0x4924    LDR	R1, [PC, #144]
0x055C	0x600A    STR	R2, [R1, #0]
;__Lib_Lcd.c, 14 :: 		
0x055E	0xF3C01280  UBFX	R2, R0, #6, #1
0x0562	0x4923    LDR	R1, [PC, #140]
0x0564	0x600A    STR	R2, [R1, #0]
;__Lib_Lcd.c, 15 :: 		
0x0566	0xF3C01240  UBFX	R2, R0, #5, #1
0x056A	0x4922    LDR	R1, [PC, #136]
0x056C	0x600A    STR	R2, [R1, #0]
;__Lib_Lcd.c, 16 :: 		
0x056E	0xF3C01200  UBFX	R2, R0, #4, #1
0x0572	0x4921    LDR	R1, [PC, #132]
0x0574	0x600A    STR	R2, [R1, #0]
;__Lib_Lcd.c, 18 :: 		
0x0576	0x4A21    LDR	R2, [PC, #132]
0x0578	0x6811    LDR	R1, [R2, #0]
0x057A	0xF0810201  EOR	R2, R1, #1
0x057E	0x4920    LDR	R1, [PC, #128]
0x0580	0x600A    STR	R2, [R1, #0]
;__Lib_Lcd.c, 21 :: 		
0x0582	0x2201    MOVS	R2, #1
0x0584	0xB252    SXTB	R2, R2
0x0586	0x491F    LDR	R1, [PC, #124]
0x0588	0x600A    STR	R2, [R1, #0]
;__Lib_Lcd.c, 22 :: 		
0x058A	0xF7FFFE5D  BL	_Delay_1us+0
;__Lib_Lcd.c, 23 :: 		
0x058E	0x2100    MOVS	R1, #0
0x0590	0xB249    SXTB	R1, R1
0x0592	0x4B1C    LDR	R3, [PC, #112]
0x0594	0x6019    STR	R1, [R3, #0]
;__Lib_Lcd.c, 26 :: 		
0x0596	0xF3C002C0  UBFX	R2, R0, #3, #1
0x059A	0x4914    LDR	R1, [PC, #80]
0x059C	0x600A    STR	R2, [R1, #0]
;__Lib_Lcd.c, 27 :: 		
0x059E	0xF3C00280  UBFX	R2, R0, #2, #1
0x05A2	0x4913    LDR	R1, [PC, #76]
0x05A4	0x600A    STR	R2, [R1, #0]
;__Lib_Lcd.c, 28 :: 		
0x05A6	0xF3C00240  UBFX	R2, R0, #1, #1
0x05AA	0x4912    LDR	R1, [PC, #72]
0x05AC	0x600A    STR	R2, [R1, #0]
;__Lib_Lcd.c, 29 :: 		
0x05AE	0xF3C00200  UBFX	R2, R0, #0, #1
; out_char end address is: 0 (R0)
0x05B2	0x4911    LDR	R1, [PC, #68]
0x05B4	0x600A    STR	R2, [R1, #0]
;__Lib_Lcd.c, 31 :: 		
0x05B6	0x4A11    LDR	R2, [PC, #68]
0x05B8	0x6811    LDR	R1, [R2, #0]
0x05BA	0xF0810201  EOR	R2, R1, #1
0x05BE	0x4910    LDR	R1, [PC, #64]
0x05C0	0x600A    STR	R2, [R1, #0]
;__Lib_Lcd.c, 33 :: 		
0x05C2	0x2101    MOVS	R1, #1
0x05C4	0xB249    SXTB	R1, R1
0x05C6	0x6019    STR	R1, [R3, #0]
;__Lib_Lcd.c, 34 :: 		
0x05C8	0xF7FFFE3E  BL	_Delay_1us+0
;__Lib_Lcd.c, 35 :: 		
0x05CC	0x2200    MOVS	R2, #0
0x05CE	0xB252    SXTB	R2, R2
0x05D0	0x490C    LDR	R1, [PC, #48]
0x05D2	0x600A    STR	R2, [R1, #0]
;__Lib_Lcd.c, 37 :: 		
0x05D4	0x4A09    LDR	R2, [PC, #36]
0x05D6	0x6811    LDR	R1, [R2, #0]
0x05D8	0xB111    CBZ	R1, L_Lcd_Cmd0
;__Lib_Lcd.c, 38 :: 		
0x05DA	0xF7FFFE29  BL	_Delay_5500us+0
0x05DE	0xE001    B	L_Lcd_Cmd1
L_Lcd_Cmd0:
;__Lib_Lcd.c, 40 :: 		
0x05E0	0xF7FFFE52  BL	_Delay_50us+0
L_Lcd_Cmd1:
;__Lib_Lcd.c, 41 :: 		
L_end_Lcd_Cmd:
0x05E4	0xF8DDE000  LDR	LR, [SP, #0]
0x05E8	0xB001    ADD	SP, SP, #4
0x05EA	0x4770    BX	LR
0x05EC	0x029C4242  	LCD_D7+0
0x05F0	0x02984242  	LCD_D6+0
0x05F4	0x02944242  	LCD_D5+0
0x05F8	0x02904242  	LCD_D4+0
0x05FC	0x02002200  	__Lib_Lcd_cmd_status+0
0x0600	0x02A04242  	LCD_RS+0
0x0604	0x02A84242  	LCD_EN+0
; end of _Lcd_Cmd
_Delay_50us:
;__Lib_Delays.c, 25 :: 		void Delay_50us() {
;__Lib_Delays.c, 26 :: 		Delay_us(50);
0x0288	0xF64027EE  MOVW	R7, #2798
0x028C	0xF2C00700  MOVT	R7, #0
L_Delay_50us6:
0x0290	0x1E7F    SUBS	R7, R7, #1
0x0292	0xD1FD    BNE	L_Delay_50us6
0x0294	0xBF00    NOP
0x0296	0xBF00    NOP
0x0298	0xBF00    NOP
0x029A	0xBF00    NOP
0x029C	0xBF00    NOP
;__Lib_Delays.c, 27 :: 		}
L_end_Delay_50us:
0x029E	0x4770    BX	LR
; end of _Delay_50us
__Lib_System_4XX_InitialSetUpRCCRCC2:
;__Lib_System_4XX.c, 465 :: 		
0x0B08	0xB082    SUB	SP, SP, #8
0x0B0A	0xF8CDE000  STR	LR, [SP, #0]
;__Lib_System_4XX.c, 468 :: 		
; ulRCC_CR start address is: 8 (R2)
0x0B0E	0x4A92    LDR	R2, [PC, #584]
;__Lib_System_4XX.c, 469 :: 		
; ulRCC_PLLCFGR start address is: 12 (R3)
0x0B10	0x4B92    LDR	R3, [PC, #584]
;__Lib_System_4XX.c, 470 :: 		
; ulRCC_CFGR start address is: 16 (R4)
0x0B12	0x4C93    LDR	R4, [PC, #588]
;__Lib_System_4XX.c, 471 :: 		
; ulVOLTAGE_RANGE start address is: 0 (R0)
0x0B14	0x4893    LDR	R0, [PC, #588]
;__Lib_System_4XX.c, 472 :: 		
; Fosc_kHz start address is: 4 (R1)
0x0B16	0x4994    LDR	R1, [PC, #592]
;__Lib_System_4XX.c, 474 :: 		
0x0B18	0x2803    CMP	R0, #3
0x0B1A	0xF040803C  BNE	L___Lib_System_4XX_InitialSetUpRCCRCC234
; ulVOLTAGE_RANGE end address is: 0 (R0)
;__Lib_System_4XX.c, 475 :: 		
0x0B1E	0x4893    LDR	R0, [PC, #588]
0x0B20	0x4281    CMP	R1, R0
0x0B22	0xD906    BLS	L___Lib_System_4XX_InitialSetUpRCCRCC235
; Fosc_kHz end address is: 4 (R1)
;__Lib_System_4XX.c, 476 :: 		
0x0B24	0x4892    LDR	R0, [PC, #584]
0x0B26	0x6800    LDR	R0, [R0, #0]
0x0B28	0xF0400105  ORR	R1, R0, #5
0x0B2C	0x4890    LDR	R0, [PC, #576]
0x0B2E	0x6001    STR	R1, [R0, #0]
0x0B30	0xE030    B	L___Lib_System_4XX_InitialSetUpRCCRCC236
L___Lib_System_4XX_InitialSetUpRCCRCC235:
;__Lib_System_4XX.c, 477 :: 		
; Fosc_kHz start address is: 4 (R1)
0x0B32	0x4890    LDR	R0, [PC, #576]
0x0B34	0x4281    CMP	R1, R0
0x0B36	0xD906    BLS	L___Lib_System_4XX_InitialSetUpRCCRCC237
; Fosc_kHz end address is: 4 (R1)
;__Lib_System_4XX.c, 478 :: 		
0x0B38	0x488D    LDR	R0, [PC, #564]
0x0B3A	0x6800    LDR	R0, [R0, #0]
0x0B3C	0xF0400104  ORR	R1, R0, #4
0x0B40	0x488B    LDR	R0, [PC, #556]
0x0B42	0x6001    STR	R1, [R0, #0]
0x0B44	0xE026    B	L___Lib_System_4XX_InitialSetUpRCCRCC238
L___Lib_System_4XX_InitialSetUpRCCRCC237:
;__Lib_System_4XX.c, 479 :: 		
; Fosc_kHz start address is: 4 (R1)
0x0B46	0x488C    LDR	R0, [PC, #560]
0x0B48	0x4281    CMP	R1, R0
0x0B4A	0xD906    BLS	L___Lib_System_4XX_InitialSetUpRCCRCC239
; Fosc_kHz end address is: 4 (R1)
;__Lib_System_4XX.c, 480 :: 		
0x0B4C	0x4888    LDR	R0, [PC, #544]
0x0B4E	0x6800    LDR	R0, [R0, #0]
0x0B50	0xF0400103  ORR	R1, R0, #3
0x0B54	0x4886    LDR	R0, [PC, #536]
0x0B56	0x6001    STR	R1, [R0, #0]
0x0B58	0xE01C    B	L___Lib_System_4XX_InitialSetUpRCCRCC240
L___Lib_System_4XX_InitialSetUpRCCRCC239:
;__Lib_System_4XX.c, 481 :: 		
; Fosc_kHz start address is: 4 (R1)
0x0B5A	0xF64E2060  MOVW	R0, #60000
0x0B5E	0x4281    CMP	R1, R0
0x0B60	0xD906    BLS	L___Lib_System_4XX_InitialSetUpRCCRCC241
; Fosc_kHz end address is: 4 (R1)
;__Lib_System_4XX.c, 482 :: 		
0x0B62	0x4883    LDR	R0, [PC, #524]
0x0B64	0x6800    LDR	R0, [R0, #0]
0x0B66	0xF0400102  ORR	R1, R0, #2
0x0B6A	0x4881    LDR	R0, [PC, #516]
0x0B6C	0x6001    STR	R1, [R0, #0]
0x0B6E	0xE011    B	L___Lib_System_4XX_InitialSetUpRCCRCC242
L___Lib_System_4XX_InitialSetUpRCCRCC241:
;__Lib_System_4XX.c, 483 :: 		
; Fosc_kHz start address is: 4 (R1)
0x0B70	0xF2475030  MOVW	R0, #30000
0x0B74	0x4281    CMP	R1, R0
0x0B76	0xD906    BLS	L___Lib_System_4XX_InitialSetUpRCCRCC243
; Fosc_kHz end address is: 4 (R1)
;__Lib_System_4XX.c, 484 :: 		
0x0B78	0x487D    LDR	R0, [PC, #500]
0x0B7A	0x6800    LDR	R0, [R0, #0]
0x0B7C	0xF0400101  ORR	R1, R0, #1
0x0B80	0x487B    LDR	R0, [PC, #492]
0x0B82	0x6001    STR	R1, [R0, #0]
0x0B84	0xE006    B	L___Lib_System_4XX_InitialSetUpRCCRCC244
L___Lib_System_4XX_InitialSetUpRCCRCC243:
;__Lib_System_4XX.c, 486 :: 		
0x0B86	0x487A    LDR	R0, [PC, #488]
0x0B88	0x6801    LDR	R1, [R0, #0]
0x0B8A	0xF06F0007  MVN	R0, #7
0x0B8E	0x4001    ANDS	R1, R0
0x0B90	0x4877    LDR	R0, [PC, #476]
0x0B92	0x6001    STR	R1, [R0, #0]
L___Lib_System_4XX_InitialSetUpRCCRCC244:
L___Lib_System_4XX_InitialSetUpRCCRCC242:
L___Lib_System_4XX_InitialSetUpRCCRCC240:
L___Lib_System_4XX_InitialSetUpRCCRCC238:
L___Lib_System_4XX_InitialSetUpRCCRCC236:
;__Lib_System_4XX.c, 487 :: 		
0x0B94	0xE10C    B	L___Lib_System_4XX_InitialSetUpRCCRCC245
L___Lib_System_4XX_InitialSetUpRCCRCC234:
;__Lib_System_4XX.c, 488 :: 		
; Fosc_kHz start address is: 4 (R1)
; ulVOLTAGE_RANGE start address is: 0 (R0)
0x0B96	0x2802    CMP	R0, #2
0x0B98	0xF0408046  BNE	L___Lib_System_4XX_InitialSetUpRCCRCC246
; ulVOLTAGE_RANGE end address is: 0 (R0)
;__Lib_System_4XX.c, 489 :: 		
0x0B9C	0x4877    LDR	R0, [PC, #476]
0x0B9E	0x4281    CMP	R1, R0
0x0BA0	0xD906    BLS	L___Lib_System_4XX_InitialSetUpRCCRCC247
; Fosc_kHz end address is: 4 (R1)
;__Lib_System_4XX.c, 490 :: 		
0x0BA2	0x4873    LDR	R0, [PC, #460]
0x0BA4	0x6800    LDR	R0, [R0, #0]
0x0BA6	0xF0400106  ORR	R1, R0, #6
0x0BAA	0x4871    LDR	R0, [PC, #452]
0x0BAC	0x6001    STR	R1, [R0, #0]
0x0BAE	0xE03A    B	L___Lib_System_4XX_InitialSetUpRCCRCC248
L___Lib_System_4XX_InitialSetUpRCCRCC247:
;__Lib_System_4XX.c, 491 :: 		
; Fosc_kHz start address is: 4 (R1)
0x0BB0	0x4870    LDR	R0, [PC, #448]
0x0BB2	0x4281    CMP	R1, R0
0x0BB4	0xD906    BLS	L___Lib_System_4XX_InitialSetUpRCCRCC249
; Fosc_kHz end address is: 4 (R1)
;__Lib_System_4XX.c, 492 :: 		
0x0BB6	0x486E    LDR	R0, [PC, #440]
0x0BB8	0x6800    LDR	R0, [R0, #0]
0x0BBA	0xF0400105  ORR	R1, R0, #5
0x0BBE	0x486C    LDR	R0, [PC, #432]
0x0BC0	0x6001    STR	R1, [R0, #0]
0x0BC2	0xE030    B	L___Lib_System_4XX_InitialSetUpRCCRCC250
L___Lib_System_4XX_InitialSetUpRCCRCC249:
;__Lib_System_4XX.c, 493 :: 		
; Fosc_kHz start address is: 4 (R1)
0x0BC4	0x486E    LDR	R0, [PC, #440]
0x0BC6	0x4281    CMP	R1, R0
0x0BC8	0xD906    BLS	L___Lib_System_4XX_InitialSetUpRCCRCC251
; Fosc_kHz end address is: 4 (R1)
;__Lib_System_4XX.c, 494 :: 		
0x0BCA	0x4869    LDR	R0, [PC, #420]
0x0BCC	0x6800    LDR	R0, [R0, #0]
0x0BCE	0xF0400104  ORR	R1, R0, #4
0x0BD2	0x4867    LDR	R0, [PC, #412]
0x0BD4	0x6001    STR	R1, [R0, #0]
0x0BD6	0xE026    B	L___Lib_System_4XX_InitialSetUpRCCRCC252
L___Lib_System_4XX_InitialSetUpRCCRCC251:
;__Lib_System_4XX.c, 495 :: 		
; Fosc_kHz start address is: 4 (R1)
0x0BD8	0x486A    LDR	R0, [PC, #424]
0x0BDA	0x4281    CMP	R1, R0
0x0BDC	0xD906    BLS	L___Lib_System_4XX_InitialSetUpRCCRCC253
; Fosc_kHz end address is: 4 (R1)
;__Lib_System_4XX.c, 496 :: 		
0x0BDE	0x4864    LDR	R0, [PC, #400]
0x0BE0	0x6800    LDR	R0, [R0, #0]
0x0BE2	0xF0400103  ORR	R1, R0, #3
0x0BE6	0x4862    LDR	R0, [PC, #392]
0x0BE8	0x6001    STR	R1, [R0, #0]
0x0BEA	0xE01C    B	L___Lib_System_4XX_InitialSetUpRCCRCC254
L___Lib_System_4XX_InitialSetUpRCCRCC253:
;__Lib_System_4XX.c, 497 :: 		
; Fosc_kHz start address is: 4 (R1)
0x0BEC	0xF64B3080  MOVW	R0, #48000
0x0BF0	0x4281    CMP	R1, R0
0x0BF2	0xD906    BLS	L___Lib_System_4XX_InitialSetUpRCCRCC255
; Fosc_kHz end address is: 4 (R1)
;__Lib_System_4XX.c, 498 :: 		
0x0BF4	0x485E    LDR	R0, [PC, #376]
0x0BF6	0x6800    LDR	R0, [R0, #0]
0x0BF8	0xF0400102  ORR	R1, R0, #2
0x0BFC	0x485C    LDR	R0, [PC, #368]
0x0BFE	0x6001    STR	R1, [R0, #0]
0x0C00	0xE011    B	L___Lib_System_4XX_InitialSetUpRCCRCC256
L___Lib_System_4XX_InitialSetUpRCCRCC255:
;__Lib_System_4XX.c, 499 :: 		
; Fosc_kHz start address is: 4 (R1)
0x0C02	0xF64550C0  MOVW	R0, #24000
0x0C06	0x4281    CMP	R1, R0
0x0C08	0xD906    BLS	L___Lib_System_4XX_InitialSetUpRCCRCC257
; Fosc_kHz end address is: 4 (R1)
;__Lib_System_4XX.c, 500 :: 		
0x0C0A	0x4859    LDR	R0, [PC, #356]
0x0C0C	0x6800    LDR	R0, [R0, #0]
0x0C0E	0xF0400101  ORR	R1, R0, #1
0x0C12	0x4857    LDR	R0, [PC, #348]
0x0C14	0x6001    STR	R1, [R0, #0]
0x0C16	0xE006    B	L___Lib_System_4XX_InitialSetUpRCCRCC258
L___Lib_System_4XX_InitialSetUpRCCRCC257:
;__Lib_System_4XX.c, 502 :: 		
0x0C18	0x4855    LDR	R0, [PC, #340]
0x0C1A	0x6801    LDR	R1, [R0, #0]
0x0C1C	0xF06F0007  MVN	R0, #7
0x0C20	0x4001    ANDS	R1, R0
0x0C22	0x4853    LDR	R0, [PC, #332]
0x0C24	0x6001    STR	R1, [R0, #0]
L___Lib_System_4XX_InitialSetUpRCCRCC258:
L___Lib_System_4XX_InitialSetUpRCCRCC256:
L___Lib_System_4XX_InitialSetUpRCCRCC254:
L___Lib_System_4XX_InitialSetUpRCCRCC252:
L___Lib_System_4XX_InitialSetUpRCCRCC250:
L___Lib_System_4XX_InitialSetUpRCCRCC248:
;__Lib_System_4XX.c, 503 :: 		
0x0C26	0xE0C3    B	L___Lib_System_4XX_InitialSetUpRCCRCC259
L___Lib_System_4XX_InitialSetUpRCCRCC246:
;__Lib_System_4XX.c, 504 :: 		
; Fosc_kHz start address is: 4 (R1)
; ulVOLTAGE_RANGE start address is: 0 (R0)
0x0C28	0x2801    CMP	R0, #1
0x0C2A	0xF0408051  BNE	L___Lib_System_4XX_InitialSetUpRCCRCC260
; ulVOLTAGE_RANGE end address is: 0 (R0)
;__Lib_System_4XX.c, 505 :: 		
0x0C2E	0x4851    LDR	R0, [PC, #324]
0x0C30	0x4281    CMP	R1, R0
0x0C32	0xD906    BLS	L___Lib_System_4XX_InitialSetUpRCCRCC261
; Fosc_kHz end address is: 4 (R1)
;__Lib_System_4XX.c, 506 :: 		
0x0C34	0x484E    LDR	R0, [PC, #312]
0x0C36	0x6800    LDR	R0, [R0, #0]
0x0C38	0xF0400107  ORR	R1, R0, #7
0x0C3C	0x484C    LDR	R0, [PC, #304]
0x0C3E	0x6001    STR	R1, [R0, #0]
0x0C40	0xE045    B	L___Lib_System_4XX_InitialSetUpRCCRCC262
L___Lib_System_4XX_InitialSetUpRCCRCC261:
;__Lib_System_4XX.c, 507 :: 		
; Fosc_kHz start address is: 4 (R1)
0x0C42	0x4851    LDR	R0, [PC, #324]
0x0C44	0x4281    CMP	R1, R0
0x0C46	0xD906    BLS	L___Lib_System_4XX_InitialSetUpRCCRCC263
; Fosc_kHz end address is: 4 (R1)
;__Lib_System_4XX.c, 508 :: 		
0x0C48	0x4849    LDR	R0, [PC, #292]
0x0C4A	0x6800    LDR	R0, [R0, #0]
0x0C4C	0xF0400106  ORR	R1, R0, #6
0x0C50	0x4847    LDR	R0, [PC, #284]
0x0C52	0x6001    STR	R1, [R0, #0]
0x0C54	0xE03B    B	L___Lib_System_4XX_InitialSetUpRCCRCC264
L___Lib_System_4XX_InitialSetUpRCCRCC263:
;__Lib_System_4XX.c, 509 :: 		
; Fosc_kHz start address is: 4 (R1)
0x0C56	0x4848    LDR	R0, [PC, #288]
0x0C58	0x4281    CMP	R1, R0
0x0C5A	0xD906    BLS	L___Lib_System_4XX_InitialSetUpRCCRCC265
; Fosc_kHz end address is: 4 (R1)
;__Lib_System_4XX.c, 510 :: 		
0x0C5C	0x4844    LDR	R0, [PC, #272]
0x0C5E	0x6800    LDR	R0, [R0, #0]
0x0C60	0xF0400105  ORR	R1, R0, #5
0x0C64	0x4842    LDR	R0, [PC, #264]
0x0C66	0x6001    STR	R1, [R0, #0]
0x0C68	0xE031    B	L___Lib_System_4XX_InitialSetUpRCCRCC266
L___Lib_System_4XX_InitialSetUpRCCRCC265:
;__Lib_System_4XX.c, 511 :: 		
; Fosc_kHz start address is: 4 (R1)
0x0C6A	0x4846    LDR	R0, [PC, #280]
0x0C6C	0x4281    CMP	R1, R0
0x0C6E	0xD906    BLS	L___Lib_System_4XX_InitialSetUpRCCRCC267
; Fosc_kHz end address is: 4 (R1)
;__Lib_System_4XX.c, 512 :: 		
0x0C70	0x483F    LDR	R0, [PC, #252]
0x0C72	0x6800    LDR	R0, [R0, #0]
0x0C74	0xF0400104  ORR	R1, R0, #4
0x0C78	0x483D    LDR	R0, [PC, #244]
0x0C7A	0x6001    STR	R1, [R0, #0]
0x0C7C	0xE027    B	L___Lib_System_4XX_InitialSetUpRCCRCC268
L___Lib_System_4XX_InitialSetUpRCCRCC267:
;__Lib_System_4XX.c, 513 :: 		
; Fosc_kHz start address is: 4 (R1)
0x0C7E	0xF24D20F0  MOVW	R0, #54000
0x0C82	0x4281    CMP	R1, R0
0x0C84	0xD906    BLS	L___Lib_System_4XX_InitialSetUpRCCRCC269
; Fosc_kHz end address is: 4 (R1)
;__Lib_System_4XX.c, 514 :: 		
0x0C86	0x483A    LDR	R0, [PC, #232]
0x0C88	0x6800    LDR	R0, [R0, #0]
0x0C8A	0xF0400103  ORR	R1, R0, #3
0x0C8E	0x4838    LDR	R0, [PC, #224]
0x0C90	0x6001    STR	R1, [R0, #0]
0x0C92	0xE01C    B	L___Lib_System_4XX_InitialSetUpRCCRCC270
L___Lib_System_4XX_InitialSetUpRCCRCC269:
;__Lib_System_4XX.c, 515 :: 		
; Fosc_kHz start address is: 4 (R1)
0x0C94	0xF64840A0  MOVW	R0, #36000
0x0C98	0x4281    CMP	R1, R0
0x0C9A	0xD906    BLS	L___Lib_System_4XX_InitialSetUpRCCRCC271
; Fosc_kHz end address is: 4 (R1)
;__Lib_System_4XX.c, 516 :: 		
0x0C9C	0x4834    LDR	R0, [PC, #208]
0x0C9E	0x6800    LDR	R0, [R0, #0]
0x0CA0	0xF0400102  ORR	R1, R0, #2
0x0CA4	0x4832    LDR	R0, [PC, #200]
0x0CA6	0x6001    STR	R1, [R0, #0]
0x0CA8	0xE011    B	L___Lib_System_4XX_InitialSetUpRCCRCC272
L___Lib_System_4XX_InitialSetUpRCCRCC271:
;__Lib_System_4XX.c, 517 :: 		
; Fosc_kHz start address is: 4 (R1)
0x0CAA	0xF2446050  MOVW	R0, #18000
0x0CAE	0x4281    CMP	R1, R0
0x0CB0	0xD906    BLS	L___Lib_System_4XX_InitialSetUpRCCRCC273
; Fosc_kHz end address is: 4 (R1)
;__Lib_System_4XX.c, 518 :: 		
0x0CB2	0x482F    LDR	R0, [PC, #188]
0x0CB4	0x6800    LDR	R0, [R0, #0]
0x0CB6	0xF0400101  ORR	R1, R0, #1
0x0CBA	0x482D    LDR	R0, [PC, #180]
0x0CBC	0x6001    STR	R1, [R0, #0]
0x0CBE	0xE006    B	L___Lib_System_4XX_InitialSetUpRCCRCC274
L___Lib_System_4XX_InitialSetUpRCCRCC273:
;__Lib_System_4XX.c, 520 :: 		
0x0CC0	0x482B    LDR	R0, [PC, #172]
0x0CC2	0x6801    LDR	R1, [R0, #0]
0x0CC4	0xF06F0007  MVN	R0, #7
0x0CC8	0x4001    ANDS	R1, R0
0x0CCA	0x4829    LDR	R0, [PC, #164]
0x0CCC	0x6001    STR	R1, [R0, #0]
L___Lib_System_4XX_InitialSetUpRCCRCC274:
L___Lib_System_4XX_InitialSetUpRCCRCC272:
L___Lib_System_4XX_InitialSetUpRCCRCC270:
L___Lib_System_4XX_InitialSetUpRCCRCC268:
L___Lib_System_4XX_InitialSetUpRCCRCC266:
L___Lib_System_4XX_InitialSetUpRCCRCC264:
L___Lib_System_4XX_InitialSetUpRCCRCC262:
;__Lib_System_4XX.c, 521 :: 		
0x0CCE	0xE06F    B	L___Lib_System_4XX_InitialSetUpRCCRCC275
L___Lib_System_4XX_InitialSetUpRCCRCC260:
;__Lib_System_4XX.c, 522 :: 		
; Fosc_kHz start address is: 4 (R1)
; ulVOLTAGE_RANGE start address is: 0 (R0)
0x0CD0	0x2800    CMP	R0, #0
0x0CD2	0xF040806D  BNE	L___Lib_System_4XX_InitialSetUpRCCRCC276
; ulVOLTAGE_RANGE end address is: 0 (R0)
;__Lib_System_4XX.c, 523 :: 		
0x0CD6	0x482D    LDR	R0, [PC, #180]
0x0CD8	0x4281    CMP	R1, R0
0x0CDA	0xD906    BLS	L___Lib_System_4XX_InitialSetUpRCCRCC277
; Fosc_kHz end address is: 4 (R1)
;__Lib_System_4XX.c, 524 :: 		
0x0CDC	0x4824    LDR	R0, [PC, #144]
0x0CDE	0x6800    LDR	R0, [R0, #0]
0x0CE0	0xF0400107  ORR	R1, R0, #7
0x0CE4	0x4822    LDR	R0, [PC, #136]
0x0CE6	0x6001    STR	R1, [R0, #0]
0x0CE8	0xE062    B	L___Lib_System_4XX_InitialSetUpRCCRCC278
L___Lib_System_4XX_InitialSetUpRCCRCC277:
;__Lib_System_4XX.c, 525 :: 		
; Fosc_kHz start address is: 4 (R1)
0x0CEA	0x4825    LDR	R0, [PC, #148]
0x0CEC	0x4281    CMP	R1, R0
0x0CEE	0xD906    BLS	L___Lib_System_4XX_InitialSetUpRCCRCC279
; Fosc_kHz end address is: 4 (R1)
;__Lib_System_4XX.c, 526 :: 		
0x0CF0	0x481F    LDR	R0, [PC, #124]
0x0CF2	0x6800    LDR	R0, [R0, #0]
0x0CF4	0xF0400106  ORR	R1, R0, #6
0x0CF8	0x481D    LDR	R0, [PC, #116]
0x0CFA	0x6001    STR	R1, [R0, #0]
0x0CFC	0xE058    B	L___Lib_System_4XX_InitialSetUpRCCRCC280
L___Lib_System_4XX_InitialSetUpRCCRCC279:
;__Lib_System_4XX.c, 527 :: 		
; Fosc_kHz start address is: 4 (R1)
0x0CFE	0x4824    LDR	R0, [PC, #144]
0x0D00	0x4281    CMP	R1, R0
0x0D02	0xD906    BLS	L___Lib_System_4XX_InitialSetUpRCCRCC281
; Fosc_kHz end address is: 4 (R1)
;__Lib_System_4XX.c, 528 :: 		
0x0D04	0x481A    LDR	R0, [PC, #104]
0x0D06	0x6800    LDR	R0, [R0, #0]
0x0D08	0xF0400105  ORR	R1, R0, #5
0x0D0C	0x4818    LDR	R0, [PC, #96]
0x0D0E	0x6001    STR	R1, [R0, #0]
0x0D10	0xE04E    B	L___Lib_System_4XX_InitialSetUpRCCRCC282
L___Lib_System_4XX_InitialSetUpRCCRCC281:
;__Lib_System_4XX.c, 529 :: 		
; Fosc_kHz start address is: 4 (R1)
0x0D12	0xF5B14F7A  CMP	R1, #64000
0x0D16	0xD906    BLS	L___Lib_System_4XX_InitialSetUpRCCRCC283
; Fosc_kHz end address is: 4 (R1)
;__Lib_System_4XX.c, 530 :: 		
0x0D18	0x4815    LDR	R0, [PC, #84]
0x0D1A	0x6800    LDR	R0, [R0, #0]
0x0D1C	0xF0400104  ORR	R1, R0, #4
0x0D20	0x4813    LDR	R0, [PC, #76]
0x0D22	0x6001    STR	R1, [R0, #0]
0x0D24	0xE044    B	L___Lib_System_4XX_InitialSetUpRCCRCC284
L___Lib_System_4XX_InitialSetUpRCCRCC283:
;__Lib_System_4XX.c, 531 :: 		
; Fosc_kHz start address is: 4 (R1)
0x0D26	0xF64B3080  MOVW	R0, #48000
0x0D2A	0x4281    CMP	R1, R0
0x0D2C	0xD906    BLS	L___Lib_System_4XX_InitialSetUpRCCRCC285
; Fosc_kHz end address is: 4 (R1)
;__Lib_System_4XX.c, 532 :: 		
0x0D2E	0x4810    LDR	R0, [PC, #64]
0x0D30	0x6800    LDR	R0, [R0, #0]
0x0D32	0xF0400103  ORR	R1, R0, #3
0x0D36	0x480E    LDR	R0, [PC, #56]
0x0D38	0x6001    STR	R1, [R0, #0]
0x0D3A	0xE039    B	L___Lib_System_4XX_InitialSetUpRCCRCC286
L___Lib_System_4XX_InitialSetUpRCCRCC285:
;__Lib_System_4XX.c, 533 :: 		
; Fosc_kHz start address is: 4 (R1)
0x0D3C	0xF5B14FFA  CMP	R1, #32000
0x0D40	0xD906    BLS	L___Lib_System_4XX_InitialSetUpRCCRCC287
; Fosc_kHz end address is: 4 (R1)
;__Lib_System_4XX.c, 534 :: 		
0x0D42	0x480B    LDR	R0, [PC, #44]
0x0D44	0x6800    LDR	R0, [R0, #0]
0x0D46	0xF0400102  ORR	R1, R0, #2
0x0D4A	0x4809    LDR	R0, [PC, #36]
0x0D4C	0x6001    STR	R1, [R0, #0]
0x0D4E	0xE02F    B	L___Lib_System_4XX_InitialSetUpRCCRCC288
L___Lib_System_4XX_InitialSetUpRCCRCC287:
;__Lib_System_4XX.c, 535 :: 		
; Fosc_kHz start address is: 4 (R1)
0x0D50	0xF5B15F7A  CMP	R1, #16000
0x0D54	0xD925    BLS	L___Lib_System_4XX_InitialSetUpRCCRCC289
0x0D56	0xE01D    B	#58
0x0D58	0x00810100  	#16777345
0x0D5C	0x54100400  	#67130384
0x0D60	0x94020060  	#6329346
0x0D64	0x00030000  	#3
0x0D68	0x90400002  	#168000
0x0D6C	0x49F00002  	#150000
0x0D70	0x3C004002  	FLASH_ACR+0
0x0D74	0xD4C00001  	#120000
0x0D78	0x5F900001  	#90000
0x0D7C	0x32800002  	#144000
0x0D80	0x77000001  	#96000
0x0D84	0x19400001  	#72000
0x0D88	0xA5E00001  	#108000
0x0D8C	0xB5800001  	#112000
0x0D90	0x38800001  	#80000
; Fosc_kHz end address is: 4 (R1)
;__Lib_System_4XX.c, 536 :: 		
0x0D94	0x482D    LDR	R0, [PC, #180]
0x0D96	0x6800    LDR	R0, [R0, #0]
0x0D98	0xF0400101  ORR	R1, R0, #1
0x0D9C	0x482B    LDR	R0, [PC, #172]
0x0D9E	0x6001    STR	R1, [R0, #0]
0x0DA0	0xE006    B	L___Lib_System_4XX_InitialSetUpRCCRCC290
L___Lib_System_4XX_InitialSetUpRCCRCC289:
;__Lib_System_4XX.c, 538 :: 		
0x0DA2	0x482A    LDR	R0, [PC, #168]
0x0DA4	0x6801    LDR	R1, [R0, #0]
0x0DA6	0xF06F0007  MVN	R0, #7
0x0DAA	0x4001    ANDS	R1, R0
0x0DAC	0x4827    LDR	R0, [PC, #156]
0x0DAE	0x6001    STR	R1, [R0, #0]
L___Lib_System_4XX_InitialSetUpRCCRCC290:
L___Lib_System_4XX_InitialSetUpRCCRCC288:
L___Lib_System_4XX_InitialSetUpRCCRCC286:
L___Lib_System_4XX_InitialSetUpRCCRCC284:
L___Lib_System_4XX_InitialSetUpRCCRCC282:
L___Lib_System_4XX_InitialSetUpRCCRCC280:
L___Lib_System_4XX_InitialSetUpRCCRCC278:
;__Lib_System_4XX.c, 539 :: 		
L___Lib_System_4XX_InitialSetUpRCCRCC276:
L___Lib_System_4XX_InitialSetUpRCCRCC275:
L___Lib_System_4XX_InitialSetUpRCCRCC259:
L___Lib_System_4XX_InitialSetUpRCCRCC245:
;__Lib_System_4XX.c, 541 :: 		
0x0DB0	0x2101    MOVS	R1, #1
0x0DB2	0xB249    SXTB	R1, R1
0x0DB4	0x4826    LDR	R0, [PC, #152]
0x0DB6	0x6001    STR	R1, [R0, #0]
;__Lib_System_4XX.c, 542 :: 		
0x0DB8	0x4826    LDR	R0, [PC, #152]
0x0DBA	0x6001    STR	R1, [R0, #0]
;__Lib_System_4XX.c, 544 :: 		
0x0DBC	0xF7FFFC84  BL	__Lib_System_4XX_SystemClockSetDefault+0
;__Lib_System_4XX.c, 546 :: 		
0x0DC0	0x4825    LDR	R0, [PC, #148]
0x0DC2	0x6003    STR	R3, [R0, #0]
; ulRCC_PLLCFGR end address is: 12 (R3)
;__Lib_System_4XX.c, 547 :: 		
0x0DC4	0x4825    LDR	R0, [PC, #148]
0x0DC6	0x6004    STR	R4, [R0, #0]
;__Lib_System_4XX.c, 548 :: 		
0x0DC8	0x4825    LDR	R0, [PC, #148]
0x0DCA	0xEA020100  AND	R1, R2, R0, LSL #0
0x0DCE	0x4825    LDR	R0, [PC, #148]
0x0DD0	0x6001    STR	R1, [R0, #0]
;__Lib_System_4XX.c, 550 :: 		
0x0DD2	0xF0020001  AND	R0, R2, #1
0x0DD6	0xB140    CBZ	R0, L___Lib_System_4XX_InitialSetUpRCCRCC2102
; ulRCC_CFGR end address is: 16 (R4)
; ulRCC_CR end address is: 8 (R2)
0x0DD8	0x4621    MOV	R1, R4
;__Lib_System_4XX.c, 551 :: 		
L___Lib_System_4XX_InitialSetUpRCCRCC292:
; ulRCC_CFGR start address is: 4 (R1)
; ulRCC_CR start address is: 8 (R2)
0x0DDA	0x4822    LDR	R0, [PC, #136]
0x0DDC	0x6800    LDR	R0, [R0, #0]
0x0DDE	0xF0000002  AND	R0, R0, #2
0x0DE2	0x2800    CMP	R0, #0
0x0DE4	0xD100    BNE	L___Lib_System_4XX_InitialSetUpRCCRCC293
;__Lib_System_4XX.c, 552 :: 		
0x0DE6	0xE7F8    B	L___Lib_System_4XX_InitialSetUpRCCRCC292
L___Lib_System_4XX_InitialSetUpRCCRCC293:
;__Lib_System_4XX.c, 553 :: 		
; ulRCC_CFGR end address is: 4 (R1)
0x0DE8	0xE000    B	L___Lib_System_4XX_InitialSetUpRCCRCC291
; ulRCC_CR end address is: 8 (R2)
L___Lib_System_4XX_InitialSetUpRCCRCC2102:
;__Lib_System_4XX.c, 550 :: 		
0x0DEA	0x4621    MOV	R1, R4
;__Lib_System_4XX.c, 553 :: 		
L___Lib_System_4XX_InitialSetUpRCCRCC291:
;__Lib_System_4XX.c, 555 :: 		
; ulRCC_CFGR start address is: 4 (R1)
; ulRCC_CR start address is: 8 (R2)
0x0DEC	0xF4023080  AND	R0, R2, #65536
0x0DF0	0xB148    CBZ	R0, L___Lib_System_4XX_InitialSetUpRCCRCC2103
; ulRCC_CR end address is: 8 (R2)
; ulRCC_CFGR end address is: 4 (R1)
;__Lib_System_4XX.c, 556 :: 		
L___Lib_System_4XX_InitialSetUpRCCRCC295:
; ulRCC_CR start address is: 8 (R2)
; ulRCC_CFGR start address is: 4 (R1)
0x0DF2	0x481C    LDR	R0, [PC, #112]
0x0DF4	0x6800    LDR	R0, [R0, #0]
0x0DF6	0xF4003000  AND	R0, R0, #131072
0x0DFA	0xB900    CBNZ	R0, L___Lib_System_4XX_InitialSetUpRCCRCC296
;__Lib_System_4XX.c, 557 :: 		
0x0DFC	0xE7F9    B	L___Lib_System_4XX_InitialSetUpRCCRCC295
L___Lib_System_4XX_InitialSetUpRCCRCC296:
;__Lib_System_4XX.c, 558 :: 		
0x0DFE	0x9201    STR	R2, [SP, #4]
; ulRCC_CFGR end address is: 4 (R1)
0x0E00	0x460A    MOV	R2, R1
0x0E02	0x9901    LDR	R1, [SP, #4]
0x0E04	0xE002    B	L___Lib_System_4XX_InitialSetUpRCCRCC294
; ulRCC_CR end address is: 8 (R2)
L___Lib_System_4XX_InitialSetUpRCCRCC2103:
;__Lib_System_4XX.c, 555 :: 		
0x0E06	0x9101    STR	R1, [SP, #4]
0x0E08	0x4611    MOV	R1, R2
0x0E0A	0x9A01    LDR	R2, [SP, #4]
;__Lib_System_4XX.c, 558 :: 		
L___Lib_System_4XX_InitialSetUpRCCRCC294:
;__Lib_System_4XX.c, 560 :: 		
; ulRCC_CR start address is: 4 (R1)
; ulRCC_CFGR start address is: 8 (R2)
0x0E0C	0xF0017080  AND	R0, R1, #16777216
; ulRCC_CR end address is: 4 (R1)
0x0E10	0xB170    CBZ	R0, L___Lib_System_4XX_InitialSetUpRCCRCC2104
;__Lib_System_4XX.c, 561 :: 		
0x0E12	0x4814    LDR	R0, [PC, #80]
0x0E14	0x6800    LDR	R0, [R0, #0]
0x0E16	0xF0407180  ORR	R1, R0, #16777216
0x0E1A	0x4812    LDR	R0, [PC, #72]
0x0E1C	0x6001    STR	R1, [R0, #0]
; ulRCC_CFGR end address is: 8 (R2)
0x0E1E	0x4611    MOV	R1, R2
;__Lib_System_4XX.c, 562 :: 		
L___Lib_System_4XX_InitialSetUpRCCRCC298:
; ulRCC_CFGR start address is: 4 (R1)
0x0E20	0x4810    LDR	R0, [PC, #64]
0x0E22	0x6800    LDR	R0, [R0, #0]
0x0E24	0xF0007000  AND	R0, R0, #33554432
0x0E28	0xB900    CBNZ	R0, L___Lib_System_4XX_InitialSetUpRCCRCC299
;__Lib_System_4XX.c, 563 :: 		
0x0E2A	0xE7F9    B	L___Lib_System_4XX_InitialSetUpRCCRCC298
L___Lib_System_4XX_InitialSetUpRCCRCC299:
;__Lib_System_4XX.c, 564 :: 		
0x0E2C	0x460A    MOV	R2, R1
0x0E2E	0xE7FF    B	L___Lib_System_4XX_InitialSetUpRCCRCC297
; ulRCC_CFGR end address is: 4 (R1)
L___Lib_System_4XX_InitialSetUpRCCRCC2104:
;__Lib_System_4XX.c, 560 :: 		
;__Lib_System_4XX.c, 564 :: 		
L___Lib_System_4XX_InitialSetUpRCCRCC297:
;__Lib_System_4XX.c, 567 :: 		
; ulRCC_CFGR start address is: 8 (R2)
; ulRCC_CFGR end address is: 8 (R2)
L___Lib_System_4XX_InitialSetUpRCCRCC2100:
; ulRCC_CFGR start address is: 8 (R2)
0x0E30	0x480A    LDR	R0, [PC, #40]
0x0E32	0x6800    LDR	R0, [R0, #0]
0x0E34	0xF000010C  AND	R1, R0, #12
0x0E38	0x0090    LSLS	R0, R2, #2
0x0E3A	0xF000000C  AND	R0, R0, #12
0x0E3E	0x4281    CMP	R1, R0
0x0E40	0xD000    BEQ	L___Lib_System_4XX_InitialSetUpRCCRCC2101
;__Lib_System_4XX.c, 568 :: 		
; ulRCC_CFGR end address is: 8 (R2)
0x0E42	0xE7F5    B	L___Lib_System_4XX_InitialSetUpRCCRCC2100
L___Lib_System_4XX_InitialSetUpRCCRCC2101:
;__Lib_System_4XX.c, 570 :: 		
L_end_InitialSetUpRCCRCC2:
0x0E44	0xF8DDE000  LDR	LR, [SP, #0]
0x0E48	0xB002    ADD	SP, SP, #8
0x0E4A	0x4770    BX	LR
0x0E4C	0x3C004002  	FLASH_ACR+0
0x0E50	0x80204247  	FLASH_ACR+0
0x0E54	0x80244247  	FLASH_ACR+0
0x0E58	0x38044002  	RCC_PLLCFGR+0
0x0E5C	0x38084002  	RCC_CFGR+0
0x0E60	0xFFFF000F  	#1048575
0x0E64	0x38004002  	RCC_CR+0
; end of __Lib_System_4XX_InitialSetUpRCCRCC2
__Lib_System_4XX_SystemClockSetDefault:
;__Lib_System_4XX.c, 444 :: 		
0x06C8	0xB081    SUB	SP, SP, #4
;__Lib_System_4XX.c, 447 :: 		
0x06CA	0x480D    LDR	R0, [PC, #52]
0x06CC	0x6800    LDR	R0, [R0, #0]
0x06CE	0xF0400101  ORR	R1, R0, #1
0x06D2	0x480B    LDR	R0, [PC, #44]
0x06D4	0x6001    STR	R1, [R0, #0]
;__Lib_System_4XX.c, 450 :: 		
0x06D6	0x2100    MOVS	R1, #0
0x06D8	0x480A    LDR	R0, [PC, #40]
0x06DA	0x6001    STR	R1, [R0, #0]
;__Lib_System_4XX.c, 453 :: 		
0x06DC	0x4808    LDR	R0, [PC, #32]
0x06DE	0x6801    LDR	R1, [R0, #0]
0x06E0	0x4809    LDR	R0, [PC, #36]
0x06E2	0x4001    ANDS	R1, R0
0x06E4	0x4806    LDR	R0, [PC, #24]
0x06E6	0x6001    STR	R1, [R0, #0]
;__Lib_System_4XX.c, 456 :: 		
0x06E8	0x4908    LDR	R1, [PC, #32]
0x06EA	0x4809    LDR	R0, [PC, #36]
0x06EC	0x6001    STR	R1, [R0, #0]
;__Lib_System_4XX.c, 459 :: 		
0x06EE	0x4804    LDR	R0, [PC, #16]
0x06F0	0x6801    LDR	R1, [R0, #0]
0x06F2	0xF46F2080  MVN	R0, #262144
0x06F6	0x4001    ANDS	R1, R0
0x06F8	0x4801    LDR	R0, [PC, #4]
0x06FA	0x6001    STR	R1, [R0, #0]
;__Lib_System_4XX.c, 463 :: 		
L_end_SystemClockSetDefault:
0x06FC	0xB001    ADD	SP, SP, #4
0x06FE	0x4770    BX	LR
0x0700	0x38004002  	RCC_CR+0
0x0704	0x38084002  	RCC_CFGR+0
0x0708	0xFFFFFEF6  	#-17367041
0x070C	0x30102400  	#603992080
0x0710	0x38044002  	RCC_PLLCFGR+0
; end of __Lib_System_4XX_SystemClockSetDefault
__Lib_System_4XX_InitialSetUpFosc:
;__Lib_System_4XX.c, 382 :: 		
0x0AE4	0xB081    SUB	SP, SP, #4
;__Lib_System_4XX.c, 383 :: 		
0x0AE6	0x4904    LDR	R1, [PC, #16]
0x0AE8	0x4804    LDR	R0, [PC, #16]
0x0AEA	0x6001    STR	R1, [R0, #0]
;__Lib_System_4XX.c, 384 :: 		
0x0AEC	0x4904    LDR	R1, [PC, #16]
0x0AEE	0x4805    LDR	R0, [PC, #20]
0x0AF0	0x6001    STR	R1, [R0, #0]
;__Lib_System_4XX.c, 385 :: 		
L_end_InitialSetUpFosc:
0x0AF2	0xB001    ADD	SP, SP, #4
0x0AF4	0x4770    BX	LR
0x0AF6	0xBF00    NOP
0x0AF8	0x90400002  	#168000
0x0AFC	0x00142000  	___System_CLOCK_IN_KHZ+0
0x0B00	0x00030000  	#3
0x0B04	0x00182000  	__VOLTAGE_RANGE+0
; end of __Lib_System_4XX_InitialSetUpFosc
___GenExcept:
;__Lib_System_4XX.c, 327 :: 		
0x0E94	0xB081    SUB	SP, SP, #4
;__Lib_System_4XX.c, 328 :: 		
L___GenExcept30:
0x0E96	0xE7FE    B	L___GenExcept30
;__Lib_System_4XX.c, 329 :: 		
L_end___GenExcept:
0x0E98	0xB001    ADD	SP, SP, #4
0x0E9A	0x4770    BX	LR
; end of ___GenExcept
___EnableFPU:
;__Lib_System_4XX.c, 360 :: 		
0x0E68	0xB081    SUB	SP, SP, #4
;__Lib_System_4XX.c, 363 :: 		
0x0E6A	0xF64E5088  MOVW	R0, #60808
;__Lib_System_4XX.c, 364 :: 		
0x0E6E	0xF2CE0000  MOVT	R0, #57344
;__Lib_System_4XX.c, 366 :: 		
0x0E72	0x6801    LDR	R1, [R0, #0]
;__Lib_System_4XX.c, 368 :: 		
0x0E74	0xF4410170  ORR	R1, R1, #15728640
;__Lib_System_4XX.c, 370 :: 		
0x0E78	0x6001    STR	R1, [R0, #0]
;__Lib_System_4XX.c, 372 :: 		
0x0E7A	0xBF00    NOP
;__Lib_System_4XX.c, 373 :: 		
0x0E7C	0xBF00    NOP
;__Lib_System_4XX.c, 374 :: 		
0x0E7E	0xBF00    NOP
;__Lib_System_4XX.c, 375 :: 		
0x0E80	0xBF00    NOP
;__Lib_System_4XX.c, 377 :: 		
0x0E82	0xEEF10A10  VMRS	R0, FPSCR
;__Lib_System_4XX.c, 378 :: 		
0x0E86	0xF4400040  ORR	R0, R0, #12582912
;__Lib_System_4XX.c, 379 :: 		
0x0E8A	0xEEE10A10  VMSR	FPSCR, R0
;__Lib_System_4XX.c, 380 :: 		
L_end___EnableFPU:
0x0E8E	0xB001    ADD	SP, SP, #4
0x0E90	0x4770    BX	LR
; end of ___EnableFPU
0x0EAC	0xB500    PUSH	(R14)
0x0EAE	0xF8DFB014  LDR	R11, [PC, #20]
0x0EB2	0xF8DFA014  LDR	R10, [PC, #20]
0x0EB6	0xF8DFC014  LDR	R12, [PC, #20]
0x0EBA	0xF7FFFD63  BL	2436
0x0EBE	0xBD00    POP	(R15)
0x0EC0	0x4770    BX	LR
0x0EC2	0xBF00    NOP
0x0EC4	0x00002000  	#536870912
0x0EC8	0x00102000  	#536870928
0x0ECC	0x0E9C0000  	#3740
0x0F2C	0xB500    PUSH	(R14)
0x0F2E	0xF8DFB010  LDR	R11, [PC, #16]
0x0F32	0xF8DFA010  LDR	R10, [PC, #16]
0x0F36	0xF7FFFD2F  BL	2456
0x0F3A	0xBD00    POP	(R15)
0x0F3C	0x4770    BX	LR
0x0F3E	0xBF00    NOP
0x0F40	0x00002000  	#536870912
0x0F44	0x00282000  	#536870952
_ButonKesme:
;Quiz2_Cevap1.c, 15 :: 		void ButonKesme() iv IVT_INT_EXTI0 ics ICS_AUTO{
0x09D4	0xB4B0    PUSH	(R4, R5, R7)
0x09D6	0xB081    SUB	SP, SP, #4
0x09D8	0xF8CDE000  STR	LR, [SP, #0]
;Quiz2_Cevap1.c, 16 :: 		EXTI_PR=1;
0x09DC	0x2101    MOVS	R1, #1
0x09DE	0x4813    LDR	R0, [PC, #76]
0x09E0	0x6001    STR	R1, [R0, #0]
;Quiz2_Cevap1.c, 18 :: 		sayi=RNG_DR;    //RNG_DR registern sayi deikenine ykle
0x09E2	0x4813    LDR	R0, [PC, #76]
0x09E4	0x6800    LDR	R0, [R0, #0]
0x09E6	0x4B13    LDR	R3, [PC, #76]
0x09E8	0x6018    STR	R0, [R3, #0]
;Quiz2_Cevap1.c, 19 :: 		sayi=sayi%6+1;
0x09EA	0x4618    MOV	R0, R3
0x09EC	0x6802    LDR	R2, [R0, #0]
0x09EE	0x2106    MOVS	R1, #6
0x09F0	0xFBB2F0F1  UDIV	R0, R2, R1
0x09F4	0xFB012010  MLS	R0, R1, R0, R2
0x09F8	0x1C40    ADDS	R0, R0, #1
0x09FA	0x6018    STR	R0, [R3, #0]
;Quiz2_Cevap1.c, 21 :: 		Lcd_Cmd(_LCD_CLEAR);
0x09FC	0x2001    MOVS	R0, #1
0x09FE	0xF7FFFDA7  BL	_Lcd_Cmd+0
;Quiz2_Cevap1.c, 22 :: 		Lcd_Out(1,1,"Sayi Degeri");
0x0A02	0x480D    LDR	R0, [PC, #52]
0x0A04	0x4602    MOV	R2, R0
0x0A06	0x2101    MOVS	R1, #1
0x0A08	0x2001    MOVS	R0, #1
0x0A0A	0xF7FFFE23  BL	_Lcd_Out+0
;Quiz2_Cevap1.c, 23 :: 		LongWordToStr(sayi,txt);
0x0A0E	0x4809    LDR	R0, [PC, #36]
0x0A10	0x6800    LDR	R0, [R0, #0]
0x0A12	0x490A    LDR	R1, [PC, #40]
0x0A14	0xF7FFFDF8  BL	_LongWordToStr+0
;Quiz2_Cevap1.c, 24 :: 		Lcd_Out(2,1,txt);
0x0A18	0x4A08    LDR	R2, [PC, #32]
0x0A1A	0x2101    MOVS	R1, #1
0x0A1C	0x2002    MOVS	R0, #2
0x0A1E	0xF7FFFE19  BL	_Lcd_Out+0
;Quiz2_Cevap1.c, 25 :: 		}
L_end_ButonKesme:
0x0A22	0xF8DDE000  LDR	LR, [SP, #0]
0x0A26	0xB001    ADD	SP, SP, #4
0x0A28	0xBCB0    POP	(R4, R5, R7)
0x0A2A	0x4770    BX	LR
0x0A2C	0x3C144001  	EXTI_PR+0
0x0A30	0x08085006  	RNG_DR+0
0x0A34	0x00002000  	_sayi+0
0x0A38	0x00042000  	?lstr1_Quiz2_Cevap1+0
0x0A3C	0x001C2000  	_txt+0
; end of _ButonKesme
_Lcd_Out:
;__Lib_Lcd.c, 218 :: 		
; text start address is: 8 (R2)
; column start address is: 4 (R1)
; row start address is: 0 (R0)
0x0654	0xB081    SUB	SP, SP, #4
0x0656	0xF8CDE000  STR	LR, [SP, #0]
0x065A	0x4615    MOV	R5, R2
; text end address is: 8 (R2)
; column end address is: 4 (R1)
; row end address is: 0 (R0)
; row start address is: 0 (R0)
; column start address is: 4 (R1)
; text start address is: 20 (R5)
;__Lib_Lcd.c, 221 :: 		
0x065C	0xE009    B	L_Lcd_Out11
; row end address is: 0 (R0)
;__Lib_Lcd.c, 222 :: 		
L_Lcd_Out13:
; row start address is: 0 (R0)
0x065E	0x2080    MOVS	R0, #128
; row end address is: 0 (R0)
0x0660	0xE010    B	L_Lcd_Out12
;__Lib_Lcd.c, 223 :: 		
L_Lcd_Out14:
; row start address is: 0 (R0)
0x0662	0x20C0    MOVS	R0, #192
; row end address is: 0 (R0)
0x0664	0xE00E    B	L_Lcd_Out12
;__Lib_Lcd.c, 224 :: 		
L_Lcd_Out15:
; row start address is: 0 (R0)
0x0666	0x2094    MOVS	R0, #148
; row end address is: 0 (R0)
0x0668	0xE00C    B	L_Lcd_Out12
;__Lib_Lcd.c, 225 :: 		
L_Lcd_Out16:
; row start address is: 0 (R0)
0x066A	0x20D4    MOVS	R0, #212
; row end address is: 0 (R0)
0x066C	0xE00A    B	L_Lcd_Out12
;__Lib_Lcd.c, 226 :: 		
L_Lcd_Out17:
; row start address is: 0 (R0)
0x066E	0x2080    MOVS	R0, #128
;__Lib_Lcd.c, 227 :: 		
0x0670	0xE008    B	L_Lcd_Out12
L_Lcd_Out11:
0x0672	0x2801    CMP	R0, #1
0x0674	0xD0F3    BEQ	L_Lcd_Out13
0x0676	0x2802    CMP	R0, #2
0x0678	0xD0F3    BEQ	L_Lcd_Out14
0x067A	0x2803    CMP	R0, #3
0x067C	0xD0F3    BEQ	L_Lcd_Out15
0x067E	0x2804    CMP	R0, #4
0x0680	0xD0F3    BEQ	L_Lcd_Out16
; row end address is: 0 (R0)
0x0682	0xE7F4    B	L_Lcd_Out17
L_Lcd_Out12:
;__Lib_Lcd.c, 228 :: 		
; row start address is: 0 (R0)
0x0684	0x1E4B    SUBS	R3, R1, #1
0x0686	0xB21B    SXTH	R3, R3
; column end address is: 4 (R1)
0x0688	0x18C3    ADDS	R3, R0, R3
; row end address is: 0 (R0)
;__Lib_Lcd.c, 230 :: 		
0x068A	0xB2D8    UXTB	R0, R3
0x068C	0xF7FFFF60  BL	_Lcd_Cmd+0
;__Lib_Lcd.c, 231 :: 		
0x0690	0x2400    MOVS	R4, #0
0x0692	0xB264    SXTB	R4, R4
0x0694	0x4B0B    LDR	R3, [PC, #44]
0x0696	0x601C    STR	R4, [R3, #0]
;__Lib_Lcd.c, 232 :: 		
; i start address is: 0 (R0)
0x0698	0x2000    MOVS	R0, #0
; text end address is: 20 (R5)
; i end address is: 0 (R0)
0x069A	0x462C    MOV	R4, R5
0x069C	0xB2C5    UXTB	R5, R0
;__Lib_Lcd.c, 233 :: 		
L_Lcd_Out18:
; i start address is: 20 (R5)
; text start address is: 16 (R4)
0x069E	0x1963    ADDS	R3, R4, R5
0x06A0	0x781B    LDRB	R3, [R3, #0]
0x06A2	0xB13B    CBZ	R3, L_Lcd_Out19
;__Lib_Lcd.c, 234 :: 		
0x06A4	0x1963    ADDS	R3, R4, R5
0x06A6	0x781B    LDRB	R3, [R3, #0]
0x06A8	0xB2D8    UXTB	R0, R3
0x06AA	0xF7FFFDD9  BL	_Lcd_Chr_CP+0
0x06AE	0x1C6D    ADDS	R5, R5, #1
0x06B0	0xB2ED    UXTB	R5, R5
; text end address is: 16 (R4)
; i end address is: 20 (R5)
0x06B2	0xE7F4    B	L_Lcd_Out18
L_Lcd_Out19:
;__Lib_Lcd.c, 235 :: 		
0x06B4	0x2401    MOVS	R4, #1
0x06B6	0xB264    SXTB	R4, R4
0x06B8	0x4B02    LDR	R3, [PC, #8]
0x06BA	0x601C    STR	R4, [R3, #0]
;__Lib_Lcd.c, 236 :: 		
L_end_Lcd_Out:
0x06BC	0xF8DDE000  LDR	LR, [SP, #0]
0x06C0	0xB001    ADD	SP, SP, #4
0x06C2	0x4770    BX	LR
0x06C4	0x02002200  	__Lib_Lcd_cmd_status+0
; end of _Lcd_Out
_Lcd_Chr_CP:
;__Lib_Lcd.c, 43 :: 		
; out_char start address is: 0 (R0)
0x0260	0xB081    SUB	SP, SP, #4
0x0262	0xF8CDE000  STR	LR, [SP, #0]
; out_char end address is: 0 (R0)
; out_char start address is: 0 (R0)
;__Lib_Lcd.c, 45 :: 		
0x0266	0x2200    MOVS	R2, #0
0x0268	0xB252    SXTB	R2, R2
0x026A	0x4906    LDR	R1, [PC, #24]
0x026C	0x600A    STR	R2, [R1, #0]
;__Lib_Lcd.c, 46 :: 		
; out_char end address is: 0 (R0)
0x026E	0xF000F96F  BL	_Lcd_Cmd+0
;__Lib_Lcd.c, 47 :: 		
0x0272	0x2201    MOVS	R2, #1
0x0274	0xB252    SXTB	R2, R2
0x0276	0x4903    LDR	R1, [PC, #12]
0x0278	0x600A    STR	R2, [R1, #0]
;__Lib_Lcd.c, 48 :: 		
L_end_Lcd_Chr_CP:
0x027A	0xF8DDE000  LDR	LR, [SP, #0]
0x027E	0xB001    ADD	SP, SP, #4
0x0280	0x4770    BX	LR
0x0282	0xBF00    NOP
0x0284	0x02002200  	__Lib_Lcd_cmd_status+0
; end of _Lcd_Chr_CP
_LongWordToStr:
;__Lib_Conversions.c, 274 :: 		
; output start address is: 4 (R1)
; input start address is: 0 (R0)
0x0608	0xB081    SUB	SP, SP, #4
0x060A	0x460A    MOV	R2, R1
0x060C	0x4601    MOV	R1, R0
; output end address is: 4 (R1)
; input end address is: 0 (R0)
; input start address is: 4 (R1)
; output start address is: 8 (R2)
;__Lib_Conversions.c, 277 :: 		
; len start address is: 0 (R0)
0x060E	0x2000    MOVS	R0, #0
; input end address is: 4 (R1)
; output end address is: 8 (R2)
; len end address is: 0 (R0)
0x0610	0x460D    MOV	R5, R1
0x0612	0x4611    MOV	R1, R2
L_LongWordToStr52:
; len start address is: 0 (R0)
; output start address is: 4 (R1)
; input start address is: 20 (R5)
0x0614	0x280A    CMP	R0, #10
0x0616	0xD205    BCS	L_LongWordToStr53
;__Lib_Conversions.c, 278 :: 		
0x0618	0x180B    ADDS	R3, R1, R0
0x061A	0x2220    MOVS	R2, #32
0x061C	0x701A    STRB	R2, [R3, #0]
;__Lib_Conversions.c, 277 :: 		
0x061E	0x1C40    ADDS	R0, R0, #1
0x0620	0xB280    UXTH	R0, R0
;__Lib_Conversions.c, 278 :: 		
0x0622	0xE7F7    B	L_LongWordToStr52
L_LongWordToStr53:
;__Lib_Conversions.c, 279 :: 		
0x0624	0x180B    ADDS	R3, R1, R0
0x0626	0x2200    MOVS	R2, #0
0x0628	0x701A    STRB	R2, [R3, #0]
0x062A	0x1E40    SUBS	R0, R0, #1
0x062C	0xB280    UXTH	R0, R0
; output end address is: 4 (R1)
; len end address is: 0 (R0)
;__Lib_Conversions.c, 281 :: 		
L_LongWordToStr55:
;__Lib_Conversions.c, 282 :: 		
; len start address is: 0 (R0)
; input start address is: 20 (R5)
; output start address is: 4 (R1)
0x062E	0x180C    ADDS	R4, R1, R0
0x0630	0x230A    MOVS	R3, #10
0x0632	0xFBB5F2F3  UDIV	R2, R5, R3
0x0636	0xFB035212  MLS	R2, R3, R2, R5
0x063A	0x3230    ADDS	R2, #48
0x063C	0x7022    STRB	R2, [R4, #0]
;__Lib_Conversions.c, 283 :: 		
0x063E	0x220A    MOVS	R2, #10
0x0640	0xFBB5F2F2  UDIV	R2, R5, R2
0x0644	0x4615    MOV	R5, R2
; input end address is: 20 (R5)
;__Lib_Conversions.c, 284 :: 		
0x0646	0xB902    CBNZ	R2, L_LongWordToStr57
; output end address is: 4 (R1)
; input end address is: 20 (R5)
; len end address is: 0 (R0)
;__Lib_Conversions.c, 285 :: 		
0x0648	0xE002    B	L_LongWordToStr56
L_LongWordToStr57:
;__Lib_Conversions.c, 286 :: 		
; len start address is: 0 (R0)
; input start address is: 20 (R5)
; output start address is: 4 (R1)
0x064A	0x1E40    SUBS	R0, R0, #1
0x064C	0xB280    UXTH	R0, R0
;__Lib_Conversions.c, 287 :: 		
; output end address is: 4 (R1)
; input end address is: 20 (R5)
; len end address is: 0 (R0)
0x064E	0xE7EE    B	L_LongWordToStr55
L_LongWordToStr56:
;__Lib_Conversions.c, 288 :: 		
L_end_LongWordToStr:
0x0650	0xB001    ADD	SP, SP, #4
0x0652	0x4770    BX	LR
; end of _LongWordToStr
;Quiz2_Cevap1.c,0 :: ?ICS_sayi [4]
0x0E9C	0x00000000 ;?ICS_sayi+0
; end of ?ICS_sayi
;Quiz2_Cevap1.c,0 :: ?ICS?lstr1_Quiz2_Cevap1 [12]
0x0EA0	0x69796153 ;?ICS?lstr1_Quiz2_Cevap1+0
0x0EA4	0x67654420 ;?ICS?lstr1_Quiz2_Cevap1+4
0x0EA8	0x00697265 ;?ICS?lstr1_Quiz2_Cevap1+8
; end of ?ICS?lstr1_Quiz2_Cevap1
Symbol List:
//** Routines locations **
//ADDRESS    SIZE    PROCEDURE
//----------------------------------------------
0x0188     [168]    _GPIO_Clk_Enable
0x0230      [24]    _Delay_5500us
0x0248      [24]    _Delay_1us
0x0260      [40]    _Lcd_Chr_CP
0x0288      [24]    _Delay_50us
0x02A0     [568]    _GPIO_Config
0x04D8     [120]    _NVIC_IntEnable
0x0550     [184]    _Lcd_Cmd
0x0608      [76]    _LongWordToStr
0x0654     [116]    _Lcd_Out
0x06C8      [76]    __Lib_System_4XX_SystemClockSetDefault
0x0714      [28]    _GPIO_Digital_Output
0x0730      [24]    _GPIO_Digital_Input
0x0748     [572]    _Lcd_Init
0x0984      [20]    ___CC2DW
0x0998      [58]    ___FillZeros
0x09D4     [108]    _ButonKesme
0x0A40     [164]    _main
0x0AE4      [36]    __Lib_System_4XX_InitialSetUpFosc
0x0B08     [864]    __Lib_System_4XX_InitialSetUpRCCRCC2
0x0E68      [42]    ___EnableFPU
0x0E94       [8]    ___GenExcept
//** Variables locations ** 
//ADDRESS    SIZE    VARIABLE
//----------------------------------------------
0x0000       [4]    FARG_FloatToStr_fnum
0x0000       [8]    FARG_LongDoubleToStr_dnum
0x20000000       [4]    _sayi
0x20000004      [12]    ?lstr1_Quiz2_Cevap1
0x20000010       [0]    __Lib_Lcd_cmd_status
0x20000014       [4]    ___System_CLOCK_IN_KHZ
0x20000018       [4]    __VOLTAGE_RANGE
0x2000001C      [12]    _txt
//** Constants locations ** 
//ADDRESS    SIZE    CONSTANT
//----------------------------------------------
0x0E9C       [4]    ?ICS_sayi
0x0EA0      [12]    ?ICS?lstr1_Quiz2_Cevap1
